[0.142s] [34mcolcon[0m [1;30mDEBUG[0m [32mCommand line arguments: ['/usr/bin/colcon', 'build', '--symlink-install'][0m
[0.143s] [34mcolcon[0m [1;30mDEBUG[0m [32mParsed command line arguments: Namespace(log_base=None, log_level=None, verb_name='build', build_base='build', install_base='install', merge_install=False, symlink_install=True, test_result_base=None, continue_on_error=False, executor='parallel', parallel_workers=8, event_handlers=None, ignore_user_meta=False, metas=['./colcon.meta'], base_paths=['.'], packages_ignore=None, packages_ignore_regex=None, paths=None, packages_up_to=None, packages_up_to_regex=None, packages_above=None, packages_above_and_dependencies=None, packages_above_depth=None, packages_select_by_dep=None, packages_skip_by_dep=None, packages_skip_up_to=None, packages_select_build_failed=False, packages_skip_build_finished=False, packages_select_test_failures=False, packages_skip_test_passed=False, packages_select=None, packages_skip=None, packages_select_regex=None, packages_skip_regex=None, packages_start=None, packages_end=None, lookup_in_workspace=False, cargo_args=None, clean_build=False, cmake_args=None, cmake_target=None, cmake_target_skip_unavailable=False, cmake_clean_cache=False, cmake_clean_first=False, cmake_force_configure=False, ament_cmake_args=None, catkin_cmake_args=None, catkin_skip_building_tests=False, mixin_files=None, mixin=None, verb_parser=<colcon_mixin.mixin.mixin_argument.MixinArgumentDecorator object at 0x7fbd7d734f10>, verb_extension=<colcon_core.verb.build.BuildVerb object at 0x7fbd7d7340a0>, main=<bound method BuildVerb.main of <colcon_core.verb.build.BuildVerb object at 0x7fbd7d7340a0>>, mixin_verb=('build',))[0m
[0.349s] [34mcolcon.colcon_core.package_discovery[0m [1;30mLevel 1[0m discover_packages(colcon_meta) check parameters
[0.349s] [34mcolcon.colcon_core.package_discovery[0m [1;30mLevel 1[0m discover_packages(recursive) check parameters
[0.349s] [34mcolcon.colcon_core.package_discovery[0m [1;30mLevel 1[0m discover_packages(ignore) check parameters
[0.349s] [34mcolcon.colcon_core.package_discovery[0m [1;30mLevel 1[0m discover_packages(path) check parameters
[0.349s] [34mcolcon.colcon_core.package_discovery[0m [1;30mLevel 1[0m discover_packages(colcon_meta) discover
[0.349s] [34mcolcon.colcon_core.package_discovery[0m [1;30mLevel 1[0m discover_packages(recursive) discover
[0.350s] [34mcolcon.colcon_core.package_discovery[0m [1;30mINFO[0m Crawling recursively for packages in '/home/user/ros2_ws'
[0.350s] [34mcolcon.colcon_core.package_identification[0m [1;30mLevel 1[0m _identify(.) by extensions ['ignore', 'ignore_ament_install']
[0.350s] [34mcolcon.colcon_core.package_identification[0m [1;30mLevel 1[0m _identify(.) by extension 'ignore'
[0.350s] [34mcolcon.colcon_core.package_identification[0m [1;30mLevel 1[0m _identify(.) by extension 'ignore_ament_install'
[0.350s] [34mcolcon.colcon_core.package_identification[0m [1;30mLevel 1[0m _identify(.) by extensions ['colcon_pkg']
[0.350s] [34mcolcon.colcon_core.package_identification[0m [1;30mLevel 1[0m _identify(.) by extension 'colcon_pkg'
[0.350s] [34mcolcon.colcon_core.package_identification[0m [1;30mLevel 1[0m _identify(.) by extensions ['colcon_meta']
[0.350s] [34mcolcon.colcon_core.package_identification[0m [1;30mLevel 1[0m _identify(.) by extension 'colcon_meta'
[0.350s] [34mcolcon.colcon_core.package_identification[0m [1;30mLevel 1[0m _identify(.) by extensions ['ament_cargo']
[0.350s] [34mcolcon.colcon_core.package_identification[0m [1;30mLevel 1[0m _identify(.) by extension 'ament_cargo'
[0.350s] [34mcolcon.colcon_core.package_identification[0m [1;30mLevel 1[0m _identify(.) by extensions ['ros']
[0.350s] [34mcolcon.colcon_core.package_identification[0m [1;30mLevel 1[0m _identify(.) by extension 'ros'
[0.373s] [34mcolcon.colcon_core.package_identification[0m [1;30mLevel 1[0m _identify(.) by extensions ['cargo', 'cmake', 'python']
[0.373s] [34mcolcon.colcon_core.package_identification[0m [1;30mLevel 1[0m _identify(.) by extension 'cargo'
[0.373s] [34mcolcon.colcon_core.package_identification[0m [1;30mLevel 1[0m _identify(.) by extension 'cmake'
[0.373s] [34mcolcon.colcon_core.package_identification[0m [1;30mLevel 1[0m _identify(.) by extension 'python'
[0.373s] [34mcolcon.colcon_core.package_identification[0m [1;30mLevel 1[0m _identify(.) by extensions ['python_setup_py']
[0.373s] [34mcolcon.colcon_core.package_identification[0m [1;30mLevel 1[0m _identify(.) by extension 'python_setup_py'
[0.373s] [34mcolcon.colcon_core.package_identification[0m [1;30mLevel 1[0m _identify(build) by extensions ['ignore', 'ignore_ament_install']
[0.373s] [34mcolcon.colcon_core.package_identification[0m [1;30mLevel 1[0m _identify(build) by extension 'ignore'
[0.373s] [34mcolcon.colcon_core.package_identification[0m [1;30mLevel 1[0m _identify(build) ignored
[0.374s] [34mcolcon.colcon_core.package_identification[0m [1;30mLevel 1[0m _identify(install) by extensions ['ignore', 'ignore_ament_install']
[0.374s] [34mcolcon.colcon_core.package_identification[0m [1;30mLevel 1[0m _identify(install) by extension 'ignore'
[0.374s] [34mcolcon.colcon_core.package_identification[0m [1;30mLevel 1[0m _identify(install) ignored
[0.374s] [34mcolcon.colcon_core.package_identification[0m [1;30mLevel 1[0m _identify(log) by extensions ['ignore', 'ignore_ament_install']
[0.374s] [34mcolcon.colcon_core.package_identification[0m [1;30mLevel 1[0m _identify(log) by extension 'ignore'
[0.374s] [34mcolcon.colcon_core.package_identification[0m [1;30mLevel 1[0m _identify(log) ignored
[0.374s] [34mcolcon.colcon_core.package_identification[0m [1;30mLevel 1[0m _identify(src) by extensions ['ignore', 'ignore_ament_install']
[0.374s] [34mcolcon.colcon_core.package_identification[0m [1;30mLevel 1[0m _identify(src) by extension 'ignore'
[0.374s] [34mcolcon.colcon_core.package_identification[0m [1;30mLevel 1[0m _identify(src) by extension 'ignore_ament_install'
[0.375s] [34mcolcon.colcon_core.package_identification[0m [1;30mLevel 1[0m _identify(src) by extensions ['colcon_pkg']
[0.375s] [34mcolcon.colcon_core.package_identification[0m [1;30mLevel 1[0m _identify(src) by extension 'colcon_pkg'
[0.375s] [34mcolcon.colcon_core.package_identification[0m [1;30mLevel 1[0m _identify(src) by extensions ['colcon_meta']
[0.375s] [34mcolcon.colcon_core.package_identification[0m [1;30mLevel 1[0m _identify(src) by extension 'colcon_meta'
[0.375s] [34mcolcon.colcon_core.package_identification[0m [1;30mLevel 1[0m _identify(src) by extensions ['ament_cargo']
[0.375s] [34mcolcon.colcon_core.package_identification[0m [1;30mLevel 1[0m _identify(src) by extension 'ament_cargo'
[0.375s] [34mcolcon.colcon_core.package_identification[0m [1;30mLevel 1[0m _identify(src) by extensions ['ros']
[0.375s] [34mcolcon.colcon_core.package_identification[0m [1;30mLevel 1[0m _identify(src) by extension 'ros'
[0.375s] [34mcolcon.colcon_core.package_identification[0m [1;30mLevel 1[0m _identify(src) by extensions ['cargo', 'cmake', 'python']
[0.375s] [34mcolcon.colcon_core.package_identification[0m [1;30mLevel 1[0m _identify(src) by extension 'cargo'
[0.375s] [34mcolcon.colcon_core.package_identification[0m [1;30mLevel 1[0m _identify(src) by extension 'cmake'
[0.375s] [34mcolcon.colcon_core.package_identification[0m [1;30mLevel 1[0m _identify(src) by extension 'python'
[0.375s] [34mcolcon.colcon_core.package_identification[0m [1;30mLevel 1[0m _identify(src) by extensions ['python_setup_py']
[0.375s] [34mcolcon.colcon_core.package_identification[0m [1;30mLevel 1[0m _identify(src) by extension 'python_setup_py'
[0.376s] [34mcolcon.colcon_core.package_identification[0m [1;30mLevel 1[0m _identify(src/controller) by extensions ['ignore', 'ignore_ament_install']
[0.376s] [34mcolcon.colcon_core.package_identification[0m [1;30mLevel 1[0m _identify(src/controller) by extension 'ignore'
[0.376s] [34mcolcon.colcon_core.package_identification[0m [1;30mLevel 1[0m _identify(src/controller) by extension 'ignore_ament_install'
[0.376s] [34mcolcon.colcon_core.package_identification[0m [1;30mLevel 1[0m _identify(src/controller) by extensions ['colcon_pkg']
[0.376s] [34mcolcon.colcon_core.package_identification[0m [1;30mLevel 1[0m _identify(src/controller) by extension 'colcon_pkg'
[0.376s] [34mcolcon.colcon_core.package_identification[0m [1;30mLevel 1[0m _identify(src/controller) by extensions ['colcon_meta']
[0.376s] [34mcolcon.colcon_core.package_identification[0m [1;30mLevel 1[0m _identify(src/controller) by extension 'colcon_meta'
[0.376s] [34mcolcon.colcon_core.package_identification[0m [1;30mLevel 1[0m _identify(src/controller) by extensions ['ament_cargo']
[0.376s] [34mcolcon.colcon_core.package_identification[0m [1;30mLevel 1[0m _identify(src/controller) by extension 'ament_cargo'
[0.376s] [34mcolcon.colcon_core.package_identification[0m [1;30mLevel 1[0m _identify(src/controller) by extensions ['ros']
[0.376s] [34mcolcon.colcon_core.package_identification[0m [1;30mLevel 1[0m _identify(src/controller) by extension 'ros'
[0.380s] [34mcolcon.colcon_core.package_identification[0m [1;30mDEBUG[0m [32mPackage 'src/controller' with type 'ros.ament_python' and name 'controller'[0m
[0.380s] [34mcolcon.colcon_core.package_identification[0m [1;30mLevel 1[0m _identify(src/line_follower) by extensions ['ignore', 'ignore_ament_install']
[0.381s] [34mcolcon.colcon_core.package_identification[0m [1;30mLevel 1[0m _identify(src/line_follower) by extension 'ignore'
[0.381s] [34mcolcon.colcon_core.package_identification[0m [1;30mLevel 1[0m _identify(src/line_follower) by extension 'ignore_ament_install'
[0.381s] [34mcolcon.colcon_core.package_identification[0m [1;30mLevel 1[0m _identify(src/line_follower) by extensions ['colcon_pkg']
[0.381s] [34mcolcon.colcon_core.package_identification[0m [1;30mLevel 1[0m _identify(src/line_follower) by extension 'colcon_pkg'
[0.381s] [34mcolcon.colcon_core.package_identification[0m [1;30mLevel 1[0m _identify(src/line_follower) by extensions ['colcon_meta']
[0.381s] [34mcolcon.colcon_core.package_identification[0m [1;30mLevel 1[0m _identify(src/line_follower) by extension 'colcon_meta'
[0.381s] [34mcolcon.colcon_core.package_identification[0m [1;30mLevel 1[0m _identify(src/line_follower) by extensions ['ament_cargo']
[0.381s] [34mcolcon.colcon_core.package_identification[0m [1;30mLevel 1[0m _identify(src/line_follower) by extension 'ament_cargo'
[0.381s] [34mcolcon.colcon_core.package_identification[0m [1;30mLevel 1[0m _identify(src/line_follower) by extensions ['ros']
[0.381s] [34mcolcon.colcon_core.package_identification[0m [1;30mLevel 1[0m _identify(src/line_follower) by extension 'ros'
[0.382s] [34mcolcon.colcon_core.package_identification[0m [1;30mDEBUG[0m [32mPackage 'src/line_follower' with type 'ros.ament_python' and name 'line_follower'[0m
[0.382s] [34mcolcon.colcon_core.package_identification[0m [1;30mLevel 1[0m _identify(src/odometry) by extensions ['ignore', 'ignore_ament_install']
[0.382s] [34mcolcon.colcon_core.package_identification[0m [1;30mLevel 1[0m _identify(src/odometry) by extension 'ignore'
[0.382s] [34mcolcon.colcon_core.package_identification[0m [1;30mLevel 1[0m _identify(src/odometry) by extension 'ignore_ament_install'
[0.382s] [34mcolcon.colcon_core.package_identification[0m [1;30mLevel 1[0m _identify(src/odometry) by extensions ['colcon_pkg']
[0.382s] [34mcolcon.colcon_core.package_identification[0m [1;30mLevel 1[0m _identify(src/odometry) by extension 'colcon_pkg'
[0.382s] [34mcolcon.colcon_core.package_identification[0m [1;30mLevel 1[0m _identify(src/odometry) by extensions ['colcon_meta']
[0.382s] [34mcolcon.colcon_core.package_identification[0m [1;30mLevel 1[0m _identify(src/odometry) by extension 'colcon_meta'
[0.382s] [34mcolcon.colcon_core.package_identification[0m [1;30mLevel 1[0m _identify(src/odometry) by extensions ['ament_cargo']
[0.383s] [34mcolcon.colcon_core.package_identification[0m [1;30mLevel 1[0m _identify(src/odometry) by extension 'ament_cargo'
[0.383s] [34mcolcon.colcon_core.package_identification[0m [1;30mLevel 1[0m _identify(src/odometry) by extensions ['ros']
[0.383s] [34mcolcon.colcon_core.package_identification[0m [1;30mLevel 1[0m _identify(src/odometry) by extension 'ros'
[0.383s] [34mcolcon.colcon_core.package_identification[0m [1;30mDEBUG[0m [32mPackage 'src/odometry' with type 'ros.ament_python' and name 'odometry'[0m
[0.383s] [34mcolcon.colcon_core.package_identification[0m [1;30mLevel 1[0m _identify(src/run_yolo) by extensions ['ignore', 'ignore_ament_install']
[0.384s] [34mcolcon.colcon_core.package_identification[0m [1;30mLevel 1[0m _identify(src/run_yolo) by extension 'ignore'
[0.384s] [34mcolcon.colcon_core.package_identification[0m [1;30mLevel 1[0m _identify(src/run_yolo) by extension 'ignore_ament_install'
[0.384s] [34mcolcon.colcon_core.package_identification[0m [1;30mLevel 1[0m _identify(src/run_yolo) by extensions ['colcon_pkg']
[0.384s] [34mcolcon.colcon_core.package_identification[0m [1;30mLevel 1[0m _identify(src/run_yolo) by extension 'colcon_pkg'
[0.384s] [34mcolcon.colcon_core.package_identification[0m [1;30mLevel 1[0m _identify(src/run_yolo) by extensions ['colcon_meta']
[0.384s] [34mcolcon.colcon_core.package_identification[0m [1;30mLevel 1[0m _identify(src/run_yolo) by extension 'colcon_meta'
[0.384s] [34mcolcon.colcon_core.package_identification[0m [1;30mLevel 1[0m _identify(src/run_yolo) by extensions ['ament_cargo']
[0.384s] [34mcolcon.colcon_core.package_identification[0m [1;30mLevel 1[0m _identify(src/run_yolo) by extension 'ament_cargo'
[0.384s] [34mcolcon.colcon_core.package_identification[0m [1;30mLevel 1[0m _identify(src/run_yolo) by extensions ['ros']
[0.384s] [34mcolcon.colcon_core.package_identification[0m [1;30mLevel 1[0m _identify(src/run_yolo) by extension 'ros'
[0.385s] [34mcolcon.colcon_core.package_identification[0m [1;30mDEBUG[0m [32mPackage 'src/run_yolo' with type 'ros.ament_python' and name 'run_yolo'[0m
[0.385s] [34mcolcon.colcon_core.package_discovery[0m [1;30mLevel 1[0m discover_packages(recursive) using defaults
[0.385s] [34mcolcon.colcon_core.package_discovery[0m [1;30mLevel 1[0m discover_packages(ignore) discover
[0.385s] [34mcolcon.colcon_core.package_discovery[0m [1;30mLevel 1[0m discover_packages(ignore) using defaults
[0.385s] [34mcolcon.colcon_core.package_discovery[0m [1;30mLevel 1[0m discover_packages(path) discover
[0.385s] [34mcolcon.colcon_core.package_discovery[0m [1;30mLevel 1[0m discover_packages(path) using defaults
[0.407s] [34mcolcon.colcon_core.verb[0m [1;30mLevel 5[0m set package 'controller' build argument 'lookup_in_workspace' from command line to 'False'
[0.407s] [34mcolcon.colcon_core.verb[0m [1;30mLevel 5[0m set package 'controller' build argument 'cargo_args' from command line to 'None'
[0.407s] [34mcolcon.colcon_core.verb[0m [1;30mLevel 5[0m set package 'controller' build argument 'clean_build' from command line to 'False'
[0.407s] [34mcolcon.colcon_core.verb[0m [1;30mLevel 5[0m set package 'controller' build argument 'cmake_args' from command line to 'None'
[0.407s] [34mcolcon.colcon_core.verb[0m [1;30mLevel 5[0m set package 'controller' build argument 'cmake_target' from command line to 'None'
[0.407s] [34mcolcon.colcon_core.verb[0m [1;30mLevel 5[0m set package 'controller' build argument 'cmake_target_skip_unavailable' from command line to 'False'
[0.407s] [34mcolcon.colcon_core.verb[0m [1;30mLevel 5[0m set package 'controller' build argument 'cmake_clean_cache' from command line to 'False'
[0.407s] [34mcolcon.colcon_core.verb[0m [1;30mLevel 5[0m set package 'controller' build argument 'cmake_clean_first' from command line to 'False'
[0.407s] [34mcolcon.colcon_core.verb[0m [1;30mLevel 5[0m set package 'controller' build argument 'cmake_force_configure' from command line to 'False'
[0.407s] [34mcolcon.colcon_core.verb[0m [1;30mLevel 5[0m set package 'controller' build argument 'ament_cmake_args' from command line to 'None'
[0.407s] [34mcolcon.colcon_core.verb[0m [1;30mLevel 5[0m set package 'controller' build argument 'catkin_cmake_args' from command line to 'None'
[0.407s] [34mcolcon.colcon_core.verb[0m [1;30mLevel 5[0m set package 'controller' build argument 'catkin_skip_building_tests' from command line to 'False'
[0.407s] [34mcolcon.colcon_core.verb[0m [1;30mDEBUG[0m [32mBuilding package 'controller' with the following arguments: {'ament_cmake_args': None, 'build_base': '/home/user/ros2_ws/build/controller', 'cargo_args': None, 'catkin_cmake_args': None, 'catkin_skip_building_tests': False, 'clean_build': False, 'cmake_args': None, 'cmake_clean_cache': False, 'cmake_clean_first': False, 'cmake_force_configure': False, 'cmake_target': None, 'cmake_target_skip_unavailable': False, 'install_base': '/home/user/ros2_ws/install/controller', 'lookup_in_workspace': False, 'merge_install': False, 'path': '/home/user/ros2_ws/src/controller', 'symlink_install': True, 'test_result_base': None}[0m
[0.408s] [34mcolcon.colcon_core.verb[0m [1;30mLevel 5[0m set package 'line_follower' build argument 'lookup_in_workspace' from command line to 'False'
[0.408s] [34mcolcon.colcon_core.verb[0m [1;30mLevel 5[0m set package 'line_follower' build argument 'cargo_args' from command line to 'None'
[0.408s] [34mcolcon.colcon_core.verb[0m [1;30mLevel 5[0m set package 'line_follower' build argument 'clean_build' from command line to 'False'
[0.408s] [34mcolcon.colcon_core.verb[0m [1;30mLevel 5[0m set package 'line_follower' build argument 'cmake_args' from command line to 'None'
[0.408s] [34mcolcon.colcon_core.verb[0m [1;30mLevel 5[0m set package 'line_follower' build argument 'cmake_target' from command line to 'None'
[0.408s] [34mcolcon.colcon_core.verb[0m [1;30mLevel 5[0m set package 'line_follower' build argument 'cmake_target_skip_unavailable' from command line to 'False'
[0.408s] [34mcolcon.colcon_core.verb[0m [1;30mLevel 5[0m set package 'line_follower' build argument 'cmake_clean_cache' from command line to 'False'
[0.408s] [34mcolcon.colcon_core.verb[0m [1;30mLevel 5[0m set package 'line_follower' build argument 'cmake_clean_first' from command line to 'False'
[0.408s] [34mcolcon.colcon_core.verb[0m [1;30mLevel 5[0m set package 'line_follower' build argument 'cmake_force_configure' from command line to 'False'
[0.408s] [34mcolcon.colcon_core.verb[0m [1;30mLevel 5[0m set package 'line_follower' build argument 'ament_cmake_args' from command line to 'None'
[0.408s] [34mcolcon.colcon_core.verb[0m [1;30mLevel 5[0m set package 'line_follower' build argument 'catkin_cmake_args' from command line to 'None'
[0.408s] [34mcolcon.colcon_core.verb[0m [1;30mLevel 5[0m set package 'line_follower' build argument 'catkin_skip_building_tests' from command line to 'False'
[0.408s] [34mcolcon.colcon_core.verb[0m [1;30mDEBUG[0m [32mBuilding package 'line_follower' with the following arguments: {'ament_cmake_args': None, 'build_base': '/home/user/ros2_ws/build/line_follower', 'cargo_args': None, 'catkin_cmake_args': None, 'catkin_skip_building_tests': False, 'clean_build': False, 'cmake_args': None, 'cmake_clean_cache': False, 'cmake_clean_first': False, 'cmake_force_configure': False, 'cmake_target': None, 'cmake_target_skip_unavailable': False, 'install_base': '/home/user/ros2_ws/install/line_follower', 'lookup_in_workspace': False, 'merge_install': False, 'path': '/home/user/ros2_ws/src/line_follower', 'symlink_install': True, 'test_result_base': None}[0m
[0.409s] [34mcolcon.colcon_core.verb[0m [1;30mLevel 5[0m set package 'odometry' build argument 'lookup_in_workspace' from command line to 'False'
[0.409s] [34mcolcon.colcon_core.verb[0m [1;30mLevel 5[0m set package 'odometry' build argument 'cargo_args' from command line to 'None'
[0.409s] [34mcolcon.colcon_core.verb[0m [1;30mLevel 5[0m set package 'odometry' build argument 'clean_build' from command line to 'False'
[0.409s] [34mcolcon.colcon_core.verb[0m [1;30mLevel 5[0m set package 'odometry' build argument 'cmake_args' from command line to 'None'
[0.409s] [34mcolcon.colcon_core.verb[0m [1;30mLevel 5[0m set package 'odometry' build argument 'cmake_target' from command line to 'None'
[0.409s] [34mcolcon.colcon_core.verb[0m [1;30mLevel 5[0m set package 'odometry' build argument 'cmake_target_skip_unavailable' from command line to 'False'
[0.409s] [34mcolcon.colcon_core.verb[0m [1;30mLevel 5[0m set package 'odometry' build argument 'cmake_clean_cache' from command line to 'False'
[0.409s] [34mcolcon.colcon_core.verb[0m [1;30mLevel 5[0m set package 'odometry' build argument 'cmake_clean_first' from command line to 'False'
[0.409s] [34mcolcon.colcon_core.verb[0m [1;30mLevel 5[0m set package 'odometry' build argument 'cmake_force_configure' from command line to 'False'
[0.409s] [34mcolcon.colcon_core.verb[0m [1;30mLevel 5[0m set package 'odometry' build argument 'ament_cmake_args' from command line to 'None'
[0.409s] [34mcolcon.colcon_core.verb[0m [1;30mLevel 5[0m set package 'odometry' build argument 'catkin_cmake_args' from command line to 'None'
[0.409s] [34mcolcon.colcon_core.verb[0m [1;30mLevel 5[0m set package 'odometry' build argument 'catkin_skip_building_tests' from command line to 'False'
[0.409s] [34mcolcon.colcon_core.verb[0m [1;30mDEBUG[0m [32mBuilding package 'odometry' with the following arguments: {'ament_cmake_args': None, 'build_base': '/home/user/ros2_ws/build/odometry', 'cargo_args': None, 'catkin_cmake_args': None, 'catkin_skip_building_tests': False, 'clean_build': False, 'cmake_args': None, 'cmake_clean_cache': False, 'cmake_clean_first': False, 'cmake_force_configure': False, 'cmake_target': None, 'cmake_target_skip_unavailable': False, 'install_base': '/home/user/ros2_ws/install/odometry', 'lookup_in_workspace': False, 'merge_install': False, 'path': '/home/user/ros2_ws/src/odometry', 'symlink_install': True, 'test_result_base': None}[0m
[0.410s] [34mcolcon.colcon_core.verb[0m [1;30mLevel 5[0m set package 'run_yolo' build argument 'lookup_in_workspace' from command line to 'False'
[0.410s] [34mcolcon.colcon_core.verb[0m [1;30mLevel 5[0m set package 'run_yolo' build argument 'cargo_args' from command line to 'None'
[0.410s] [34mcolcon.colcon_core.verb[0m [1;30mLevel 5[0m set package 'run_yolo' build argument 'clean_build' from command line to 'False'
[0.410s] [34mcolcon.colcon_core.verb[0m [1;30mLevel 5[0m set package 'run_yolo' build argument 'cmake_args' from command line to 'None'
[0.410s] [34mcolcon.colcon_core.verb[0m [1;30mLevel 5[0m set package 'run_yolo' build argument 'cmake_target' from command line to 'None'
[0.410s] [34mcolcon.colcon_core.verb[0m [1;30mLevel 5[0m set package 'run_yolo' build argument 'cmake_target_skip_unavailable' from command line to 'False'
[0.410s] [34mcolcon.colcon_core.verb[0m [1;30mLevel 5[0m set package 'run_yolo' build argument 'cmake_clean_cache' from command line to 'False'
[0.410s] [34mcolcon.colcon_core.verb[0m [1;30mLevel 5[0m set package 'run_yolo' build argument 'cmake_clean_first' from command line to 'False'
[0.410s] [34mcolcon.colcon_core.verb[0m [1;30mLevel 5[0m set package 'run_yolo' build argument 'cmake_force_configure' from command line to 'False'
[0.410s] [34mcolcon.colcon_core.verb[0m [1;30mLevel 5[0m set package 'run_yolo' build argument 'ament_cmake_args' from command line to 'None'
[0.410s] [34mcolcon.colcon_core.verb[0m [1;30mLevel 5[0m set package 'run_yolo' build argument 'catkin_cmake_args' from command line to 'None'
[0.410s] [34mcolcon.colcon_core.verb[0m [1;30mLevel 5[0m set package 'run_yolo' build argument 'catkin_skip_building_tests' from command line to 'False'
[0.410s] [34mcolcon.colcon_core.verb[0m [1;30mDEBUG[0m [32mBuilding package 'run_yolo' with the following arguments: {'ament_cmake_args': None, 'build_base': '/home/user/ros2_ws/build/run_yolo', 'cargo_args': None, 'catkin_cmake_args': None, 'catkin_skip_building_tests': False, 'clean_build': False, 'cmake_args': None, 'cmake_clean_cache': False, 'cmake_clean_first': False, 'cmake_force_configure': False, 'cmake_target': None, 'cmake_target_skip_unavailable': False, 'install_base': '/home/user/ros2_ws/install/run_yolo', 'lookup_in_workspace': False, 'merge_install': False, 'path': '/home/user/ros2_ws/src/run_yolo', 'symlink_install': True, 'test_result_base': None}[0m
[0.410s] [34mcolcon.colcon_core.executor[0m [1;30mINFO[0m Executing jobs using 'parallel' executor
[0.411s] [34mcolcon.colcon_parallel_executor.executor.parallel[0m [1;30mDEBUG[0m [32mrun_until_complete[0m
[0.412s] [34mcolcon.colcon_ros.task.ament_python.build[0m [1;30mINFO[0m Building ROS package in '/home/user/ros2_ws/src/controller' with build type 'ament_python'
[0.412s] [34mcolcon.colcon_core.shell[0m [1;30mLevel 1[0m create_environment_hook('controller', 'ament_prefix_path')
[0.415s] [34mcolcon.colcon_core.plugin_system[0m [1;30mINFO[0m Skipping extension 'colcon_core.shell.bat': Not used on non-Windows systems
[0.415s] [34mcolcon.colcon_core.shell[0m [1;30mINFO[0m Creating environment hook '/home/user/ros2_ws/install/controller/share/controller/hook/ament_prefix_path.ps1'
[0.416s] [34mcolcon.colcon_core.shell[0m [1;30mINFO[0m Creating environment descriptor '/home/user/ros2_ws/install/controller/share/controller/hook/ament_prefix_path.dsv'
[0.416s] [34mcolcon.colcon_core.shell[0m [1;30mINFO[0m Creating environment hook '/home/user/ros2_ws/install/controller/share/controller/hook/ament_prefix_path.sh'
[0.417s] [34mcolcon.colcon_core.shell[0m [1;30mINFO[0m Skip shell extension 'powershell' for command environment: Not usable outside of PowerShell
[0.417s] [34mcolcon.colcon_core.shell[0m [1;30mDEBUG[0m [32mSkip shell extension 'dsv' for command environment[0m
[0.426s] [34mcolcon.colcon_ros.task.ament_python.build[0m [1;30mINFO[0m Building ROS package in '/home/user/ros2_ws/src/line_follower' with build type 'ament_python'
[0.426s] [34mcolcon.colcon_core.shell[0m [1;30mLevel 1[0m create_environment_hook('line_follower', 'ament_prefix_path')
[0.426s] [34mcolcon.colcon_core.shell[0m [1;30mINFO[0m Creating environment hook '/home/user/ros2_ws/install/line_follower/share/line_follower/hook/ament_prefix_path.ps1'
[0.427s] [34mcolcon.colcon_core.shell[0m [1;30mINFO[0m Creating environment descriptor '/home/user/ros2_ws/install/line_follower/share/line_follower/hook/ament_prefix_path.dsv'
[0.427s] [34mcolcon.colcon_core.shell[0m [1;30mINFO[0m Creating environment hook '/home/user/ros2_ws/install/line_follower/share/line_follower/hook/ament_prefix_path.sh'
[0.427s] [34mcolcon.colcon_core.shell[0m [1;30mINFO[0m Skip shell extension 'powershell' for command environment: Not usable outside of PowerShell
[0.427s] [34mcolcon.colcon_core.shell[0m [1;30mDEBUG[0m [32mSkip shell extension 'dsv' for command environment[0m
[0.435s] [34mcolcon.colcon_ros.task.ament_python.build[0m [1;30mINFO[0m Building ROS package in '/home/user/ros2_ws/src/odometry' with build type 'ament_python'
[0.435s] [34mcolcon.colcon_core.shell[0m [1;30mLevel 1[0m create_environment_hook('odometry', 'ament_prefix_path')
[0.435s] [34mcolcon.colcon_core.shell[0m [1;30mINFO[0m Creating environment hook '/home/user/ros2_ws/install/odometry/share/odometry/hook/ament_prefix_path.ps1'
[0.435s] [34mcolcon.colcon_core.shell[0m [1;30mINFO[0m Creating environment descriptor '/home/user/ros2_ws/install/odometry/share/odometry/hook/ament_prefix_path.dsv'
[0.436s] [34mcolcon.colcon_core.shell[0m [1;30mINFO[0m Creating environment hook '/home/user/ros2_ws/install/odometry/share/odometry/hook/ament_prefix_path.sh'
[0.436s] [34mcolcon.colcon_core.shell[0m [1;30mINFO[0m Skip shell extension 'powershell' for command environment: Not usable outside of PowerShell
[0.436s] [34mcolcon.colcon_core.shell[0m [1;30mDEBUG[0m [32mSkip shell extension 'dsv' for command environment[0m
[0.444s] [34mcolcon.colcon_ros.task.ament_python.build[0m [1;30mINFO[0m Building ROS package in '/home/user/ros2_ws/src/run_yolo' with build type 'ament_python'
[0.444s] [34mcolcon.colcon_core.shell[0m [1;30mLevel 1[0m create_environment_hook('run_yolo', 'ament_prefix_path')
[0.444s] [34mcolcon.colcon_core.shell[0m [1;30mINFO[0m Creating environment hook '/home/user/ros2_ws/install/run_yolo/share/run_yolo/hook/ament_prefix_path.ps1'
[0.444s] [34mcolcon.colcon_core.shell[0m [1;30mINFO[0m Creating environment descriptor '/home/user/ros2_ws/install/run_yolo/share/run_yolo/hook/ament_prefix_path.dsv'
[0.445s] [34mcolcon.colcon_core.shell[0m [1;30mINFO[0m Creating environment hook '/home/user/ros2_ws/install/run_yolo/share/run_yolo/hook/ament_prefix_path.sh'
[0.445s] [34mcolcon.colcon_core.shell[0m [1;30mINFO[0m Skip shell extension 'powershell' for command environment: Not usable outside of PowerShell
[0.445s] [34mcolcon.colcon_core.shell[0m [1;30mDEBUG[0m [32mSkip shell extension 'dsv' for command environment[0m
[0.796s] [34mcolcon.colcon_core.task.python.build[0m [1;30mINFO[0m Building Python package in '/home/user/ros2_ws/src/controller'
[0.797s] [34mcolcon.colcon_core.shell[0m [1;30mINFO[0m Skip shell extension 'powershell' for command environment: Not usable outside of PowerShell
[0.797s] [34mcolcon.colcon_core.shell[0m [1;30mDEBUG[0m [32mSkip shell extension 'dsv' for command environment[0m
[1.153s] [34mcolcon.colcon_core.task.python.build[0m [1;30mINFO[0m Building Python package in '/home/user/ros2_ws/src/line_follower'
[1.153s] [34mcolcon.colcon_core.shell[0m [1;30mINFO[0m Skip shell extension 'powershell' for command environment: Not usable outside of PowerShell
[1.154s] [34mcolcon.colcon_core.shell[0m [1;30mDEBUG[0m [32mSkip shell extension 'dsv' for command environment[0m
[1.636s] [34mcolcon.colcon_core.task.python.build[0m [1;30mINFO[0m Building Python package in '/home/user/ros2_ws/src/odometry'
[1.636s] [34mcolcon.colcon_core.shell[0m [1;30mINFO[0m Skip shell extension 'powershell' for command environment: Not usable outside of PowerShell
[1.636s] [34mcolcon.colcon_core.shell[0m [1;30mDEBUG[0m [32mSkip shell extension 'dsv' for command environment[0m
[2.024s] [34mcolcon.colcon_core.task.python.build[0m [1;30mINFO[0m Building Python package in '/home/user/ros2_ws/src/run_yolo'
[2.025s] [34mcolcon.colcon_core.shell[0m [1;30mINFO[0m Skip shell extension 'powershell' for command environment: Not usable outside of PowerShell
[2.025s] [34mcolcon.colcon_core.shell[0m [1;30mDEBUG[0m [32mSkip shell extension 'dsv' for command environment[0m
[2.968s] [34mcolcon.colcon_core.event_handler.log_command[0m [1;30mDEBUG[0m [32mInvoking command in '/home/user/ros2_ws/build/line_follower': PYTHONPATH=/home/user/ros2_ws/build/line_follower/prefix_override:/home/user/ros2_ws/install/line_follower/lib/python3.10/site-packages:${PYTHONPATH} _=/usr/bin/env /usr/bin/python3 -W ignore:setup.py install is deprecated setup.py develop --editable --build-directory /home/user/ros2_ws/build/line_follower/build --no-deps symlink_data[0m
[3.038s] [34mcolcon.colcon_core.event_handler.log_command[0m [1;30mDEBUG[0m [32mInvoking command in '/home/user/ros2_ws/build/odometry': PYTHONPATH=/home/user/ros2_ws/build/odometry/prefix_override:/home/user/ros2_ws/install/odometry/lib/python3.10/site-packages:${PYTHONPATH} _=/usr/bin/env /usr/bin/python3 -W ignore:setup.py install is deprecated setup.py develop --editable --build-directory /home/user/ros2_ws/build/odometry/build --no-deps symlink_data[0m
[3.266s] [34mcolcon.colcon_core.event_handler.log_command[0m [1;30mDEBUG[0m [32mInvoking command in '/home/user/ros2_ws/build/controller': PYTHONPATH=/home/user/ros2_ws/build/controller/prefix_override:/home/user/ros2_ws/install/controller/lib/python3.10/site-packages:${PYTHONPATH} _=/usr/bin/env /usr/bin/python3 -W ignore:setup.py install is deprecated setup.py develop --editable --build-directory /home/user/ros2_ws/build/controller/build --no-deps symlink_data[0m
[3.351s] [34mcolcon.colcon_core.event_handler.log_command[0m [1;30mDEBUG[0m [32mInvoking command in '/home/user/ros2_ws/build/run_yolo': PYTHONPATH=/home/user/ros2_ws/build/run_yolo/prefix_override:/home/user/ros2_ws/install/run_yolo/lib/python3.10/site-packages:${PYTHONPATH} _=/usr/bin/env /usr/bin/python3 -W ignore:setup.py install is deprecated setup.py develop --editable --build-directory /home/user/ros2_ws/build/run_yolo/build --no-deps symlink_data[0m
[4.524s] [34mcolcon.colcon_core.shell[0m [1;30mLevel 1[0m create_environment_hook('odometry', 'pythonpath_develop')
[4.525s] [34mcolcon.colcon_core.shell[0m [1;30mINFO[0m Creating environment hook '/home/user/ros2_ws/build/odometry/share/odometry/hook/pythonpath_develop.ps1'
[4.525s] [34mcolcon.colcon_core.event_handler.log_command[0m [1;30mDEBUG[0m [32mInvoked command in '/home/user/ros2_ws/build/odometry' returned '0': PYTHONPATH=/home/user/ros2_ws/build/odometry/prefix_override:/home/user/ros2_ws/install/odometry/lib/python3.10/site-packages:${PYTHONPATH} _=/usr/bin/env /usr/bin/python3 -W ignore:setup.py install is deprecated setup.py develop --editable --build-directory /home/user/ros2_ws/build/odometry/build --no-deps symlink_data[0m
[4.526s] [34mcolcon.colcon_core.shell[0m [1;30mINFO[0m Creating environment descriptor '/home/user/ros2_ws/build/odometry/share/odometry/hook/pythonpath_develop.dsv'
[4.526s] [34mcolcon.colcon_core.shell[0m [1;30mINFO[0m Creating environment hook '/home/user/ros2_ws/build/odometry/share/odometry/hook/pythonpath_develop.sh'
[4.553s] [34mcolcon.colcon_core.environment[0m [1;30mLevel 1[0m checking '/home/user/ros2_ws/install/odometry' for CMake module files
[4.554s] [34mcolcon.colcon_core.environment[0m [1;30mLevel 1[0m checking '/home/user/ros2_ws/install/odometry' for CMake config files
[4.554s] [34mcolcon.colcon_core.environment[0m [1;30mLevel 1[0m checking '/home/user/ros2_ws/install/odometry/lib'
[4.555s] [34mcolcon.colcon_core.environment[0m [1;30mLevel 1[0m checking '/home/user/ros2_ws/install/odometry/bin'
[4.555s] [34mcolcon.colcon_core.environment[0m [1;30mLevel 1[0m checking '/home/user/ros2_ws/install/odometry/lib/pkgconfig/odometry.pc'
[4.555s] [34mcolcon.colcon_core.environment[0m [1;30mLevel 1[0m checking '/home/user/ros2_ws/install/odometry/lib/python3.10/site-packages'
[4.555s] [34mcolcon.colcon_core.shell[0m [1;30mLevel 1[0m create_environment_hook('odometry', 'pythonpath')
[4.556s] [34mcolcon.colcon_core.shell[0m [1;30mINFO[0m Creating environment hook '/home/user/ros2_ws/install/odometry/share/odometry/hook/pythonpath.ps1'
[4.556s] [34mcolcon.colcon_core.shell[0m [1;30mINFO[0m Creating environment descriptor '/home/user/ros2_ws/install/odometry/share/odometry/hook/pythonpath.dsv'
[4.557s] [34mcolcon.colcon_core.shell[0m [1;30mINFO[0m Creating environment hook '/home/user/ros2_ws/install/odometry/share/odometry/hook/pythonpath.sh'
[4.557s] [34mcolcon.colcon_core.environment[0m [1;30mLevel 1[0m checking '/home/user/ros2_ws/install/odometry/bin'
[4.558s] [34mcolcon.colcon_core.environment[0m [1;30mLevel 1[0m create_environment_scripts_only(odometry)
[4.558s] [34mcolcon.colcon_core.shell[0m [1;30mINFO[0m Creating package script '/home/user/ros2_ws/install/odometry/share/odometry/package.ps1'
[4.559s] [34mcolcon.colcon_core.shell[0m [1;30mINFO[0m Creating package descriptor '/home/user/ros2_ws/install/odometry/share/odometry/package.dsv'
[4.560s] [34mcolcon.colcon_core.shell[0m [1;30mINFO[0m Creating package script '/home/user/ros2_ws/install/odometry/share/odometry/package.sh'
[4.561s] [34mcolcon.colcon_core.shell[0m [1;30mINFO[0m Creating package script '/home/user/ros2_ws/install/odometry/share/odometry/package.bash'
[4.562s] [34mcolcon.colcon_core.shell[0m [1;30mINFO[0m Creating package script '/home/user/ros2_ws/install/odometry/share/odometry/package.zsh'
[4.562s] [34mcolcon.colcon_core.environment[0m [1;30mLevel 1[0m create_file_with_runtime_dependencies(/home/user/ros2_ws/install/odometry/share/colcon-core/packages/odometry)
[4.564s] [34mcolcon.colcon_core.shell[0m [1;30mLevel 1[0m create_environment_hook('line_follower', 'pythonpath_develop')
[4.564s] [34mcolcon.colcon_core.shell[0m [1;30mINFO[0m Creating environment hook '/home/user/ros2_ws/build/line_follower/share/line_follower/hook/pythonpath_develop.ps1'
[4.565s] [34mcolcon.colcon_core.event_handler.log_command[0m [1;30mDEBUG[0m [32mInvoked command in '/home/user/ros2_ws/build/line_follower' returned '0': PYTHONPATH=/home/user/ros2_ws/build/line_follower/prefix_override:/home/user/ros2_ws/install/line_follower/lib/python3.10/site-packages:${PYTHONPATH} _=/usr/bin/env /usr/bin/python3 -W ignore:setup.py install is deprecated setup.py develop --editable --build-directory /home/user/ros2_ws/build/line_follower/build --no-deps symlink_data[0m
[4.565s] [34mcolcon.colcon_core.shell[0m [1;30mINFO[0m Creating environment descriptor '/home/user/ros2_ws/build/line_follower/share/line_follower/hook/pythonpath_develop.dsv'
[4.566s] [34mcolcon.colcon_core.shell[0m [1;30mINFO[0m Creating environment hook '/home/user/ros2_ws/build/line_follower/share/line_follower/hook/pythonpath_develop.sh'
[4.567s] [34mcolcon.colcon_core.environment[0m [1;30mLevel 1[0m checking '/home/user/ros2_ws/install/line_follower' for CMake module files
[4.567s] [34mcolcon.colcon_core.environment[0m [1;30mLevel 1[0m checking '/home/user/ros2_ws/install/line_follower' for CMake config files
[4.568s] [34mcolcon.colcon_core.environment[0m [1;30mLevel 1[0m checking '/home/user/ros2_ws/install/line_follower/lib'
[4.568s] [34mcolcon.colcon_core.environment[0m [1;30mLevel 1[0m checking '/home/user/ros2_ws/install/line_follower/bin'
[4.568s] [34mcolcon.colcon_core.environment[0m [1;30mLevel 1[0m checking '/home/user/ros2_ws/install/line_follower/lib/pkgconfig/line_follower.pc'
[4.568s] [34mcolcon.colcon_core.environment[0m [1;30mLevel 1[0m checking '/home/user/ros2_ws/install/line_follower/lib/python3.10/site-packages'
[4.569s] [34mcolcon.colcon_core.shell[0m [1;30mLevel 1[0m create_environment_hook('line_follower', 'pythonpath')
[4.569s] [34mcolcon.colcon_core.shell[0m [1;30mINFO[0m Creating environment hook '/home/user/ros2_ws/install/line_follower/share/line_follower/hook/pythonpath.ps1'
[4.569s] [34mcolcon.colcon_core.shell[0m [1;30mINFO[0m Creating environment descriptor '/home/user/ros2_ws/install/line_follower/share/line_follower/hook/pythonpath.dsv'
[4.570s] [34mcolcon.colcon_core.shell[0m [1;30mINFO[0m Creating environment hook '/home/user/ros2_ws/install/line_follower/share/line_follower/hook/pythonpath.sh'
[4.571s] [34mcolcon.colcon_core.environment[0m [1;30mLevel 1[0m checking '/home/user/ros2_ws/install/line_follower/bin'
[4.571s] [34mcolcon.colcon_core.environment[0m [1;30mLevel 1[0m create_environment_scripts_only(line_follower)
[4.572s] [34mcolcon.colcon_core.shell[0m [1;30mINFO[0m Creating package script '/home/user/ros2_ws/install/line_follower/share/line_follower/package.ps1'
[4.572s] [34mcolcon.colcon_core.shell[0m [1;30mINFO[0m Creating package descriptor '/home/user/ros2_ws/install/line_follower/share/line_follower/package.dsv'
[4.573s] [34mcolcon.colcon_core.shell[0m [1;30mINFO[0m Creating package script '/home/user/ros2_ws/install/line_follower/share/line_follower/package.sh'
[4.574s] [34mcolcon.colcon_core.shell[0m [1;30mINFO[0m Creating package script '/home/user/ros2_ws/install/line_follower/share/line_follower/package.bash'
[4.574s] [34mcolcon.colcon_core.shell[0m [1;30mINFO[0m Creating package script '/home/user/ros2_ws/install/line_follower/share/line_follower/package.zsh'
[4.575s] [34mcolcon.colcon_core.environment[0m [1;30mLevel 1[0m create_file_with_runtime_dependencies(/home/user/ros2_ws/install/line_follower/share/colcon-core/packages/line_follower)
[4.690s] [34mcolcon.colcon_core.shell[0m [1;30mLevel 1[0m create_environment_hook('controller', 'pythonpath_develop')
[4.691s] [34mcolcon.colcon_core.shell[0m [1;30mINFO[0m Creating environment hook '/home/user/ros2_ws/build/controller/share/controller/hook/pythonpath_develop.ps1'
[4.691s] [34mcolcon.colcon_core.event_handler.log_command[0m [1;30mDEBUG[0m [32mInvoked command in '/home/user/ros2_ws/build/controller' returned '0': PYTHONPATH=/home/user/ros2_ws/build/controller/prefix_override:/home/user/ros2_ws/install/controller/lib/python3.10/site-packages:${PYTHONPATH} _=/usr/bin/env /usr/bin/python3 -W ignore:setup.py install is deprecated setup.py develop --editable --build-directory /home/user/ros2_ws/build/controller/build --no-deps symlink_data[0m
[4.692s] [34mcolcon.colcon_core.shell[0m [1;30mINFO[0m Creating environment descriptor '/home/user/ros2_ws/build/controller/share/controller/hook/pythonpath_develop.dsv'
[4.692s] [34mcolcon.colcon_core.shell[0m [1;30mINFO[0m Creating environment hook '/home/user/ros2_ws/build/controller/share/controller/hook/pythonpath_develop.sh'
[4.693s] [34mcolcon.colcon_core.environment[0m [1;30mLevel 1[0m checking '/home/user/ros2_ws/install/controller' for CMake module files
[4.693s] [34mcolcon.colcon_core.environment[0m [1;30mLevel 1[0m checking '/home/user/ros2_ws/install/controller' for CMake config files
[4.694s] [34mcolcon.colcon_core.environment[0m [1;30mLevel 1[0m checking '/home/user/ros2_ws/install/controller/lib'
[4.694s] [34mcolcon.colcon_core.environment[0m [1;30mLevel 1[0m checking '/home/user/ros2_ws/install/controller/bin'
[4.694s] [34mcolcon.colcon_core.environment[0m [1;30mLevel 1[0m checking '/home/user/ros2_ws/install/controller/lib/pkgconfig/controller.pc'
[4.694s] [34mcolcon.colcon_core.environment[0m [1;30mLevel 1[0m checking '/home/user/ros2_ws/install/controller/lib/python3.10/site-packages'
[4.695s] [34mcolcon.colcon_core.shell[0m [1;30mLevel 1[0m create_environment_hook('controller', 'pythonpath')
[4.695s] [34mcolcon.colcon_core.shell[0m [1;30mINFO[0m Creating environment hook '/home/user/ros2_ws/install/controller/share/controller/hook/pythonpath.ps1'
[4.695s] [34mcolcon.colcon_core.shell[0m [1;30mINFO[0m Creating environment descriptor '/home/user/ros2_ws/install/controller/share/controller/hook/pythonpath.dsv'
[4.696s] [34mcolcon.colcon_core.shell[0m [1;30mINFO[0m Creating environment hook '/home/user/ros2_ws/install/controller/share/controller/hook/pythonpath.sh'
[4.696s] [34mcolcon.colcon_core.environment[0m [1;30mLevel 1[0m checking '/home/user/ros2_ws/install/controller/bin'
[4.696s] [34mcolcon.colcon_core.environment[0m [1;30mLevel 1[0m create_environment_scripts_only(controller)
[4.697s] [34mcolcon.colcon_core.shell[0m [1;30mINFO[0m Creating package script '/home/user/ros2_ws/install/controller/share/controller/package.ps1'
[4.700s] [34mcolcon.colcon_core.shell[0m [1;30mINFO[0m Creating package descriptor '/home/user/ros2_ws/install/controller/share/controller/package.dsv'
[4.700s] [34mcolcon.colcon_core.shell[0m [1;30mINFO[0m Creating package script '/home/user/ros2_ws/install/controller/share/controller/package.sh'
[4.701s] [34mcolcon.colcon_core.shell[0m [1;30mINFO[0m Creating package script '/home/user/ros2_ws/install/controller/share/controller/package.bash'
[4.748s] [34mcolcon.colcon_core.shell[0m [1;30mINFO[0m Creating package script '/home/user/ros2_ws/install/controller/share/controller/package.zsh'
[4.749s] [34mcolcon.colcon_core.environment[0m [1;30mLevel 1[0m create_file_with_runtime_dependencies(/home/user/ros2_ws/install/controller/share/colcon-core/packages/controller)
[4.751s] [34mcolcon.colcon_core.shell[0m [1;30mLevel 1[0m create_environment_hook('run_yolo', 'pythonpath_develop')
[4.751s] [34mcolcon.colcon_core.shell[0m [1;30mINFO[0m Creating environment hook '/home/user/ros2_ws/build/run_yolo/share/run_yolo/hook/pythonpath_develop.ps1'
[4.835s] [34mcolcon.colcon_core.shell[0m [1;30mINFO[0m Creating environment descriptor '/home/user/ros2_ws/build/run_yolo/share/run_yolo/hook/pythonpath_develop.dsv'
[4.836s] [34mcolcon.colcon_core.event_handler.log_command[0m [1;30mDEBUG[0m [32mInvoked command in '/home/user/ros2_ws/build/run_yolo' returned '0': PYTHONPATH=/home/user/ros2_ws/build/run_yolo/prefix_override:/home/user/ros2_ws/install/run_yolo/lib/python3.10/site-packages:${PYTHONPATH} _=/usr/bin/env /usr/bin/python3 -W ignore:setup.py install is deprecated setup.py develop --editable --build-directory /home/user/ros2_ws/build/run_yolo/build --no-deps symlink_data[0m
[4.836s] [34mcolcon.colcon_core.shell[0m [1;30mINFO[0m Creating environment hook '/home/user/ros2_ws/build/run_yolo/share/run_yolo/hook/pythonpath_develop.sh'
[4.837s] [34mcolcon.colcon_core.environment[0m [1;30mLevel 1[0m checking '/home/user/ros2_ws/install/run_yolo' for CMake module files
[4.838s] [34mcolcon.colcon_core.environment[0m [1;30mLevel 1[0m checking '/home/user/ros2_ws/install/run_yolo' for CMake config files
[4.838s] [34mcolcon.colcon_core.environment[0m [1;30mLevel 1[0m checking '/home/user/ros2_ws/install/run_yolo/lib'
[4.838s] [34mcolcon.colcon_core.environment[0m [1;30mLevel 1[0m checking '/home/user/ros2_ws/install/run_yolo/bin'
[4.838s] [34mcolcon.colcon_core.environment[0m [1;30mLevel 1[0m checking '/home/user/ros2_ws/install/run_yolo/lib/pkgconfig/run_yolo.pc'
[4.839s] [34mcolcon.colcon_core.environment[0m [1;30mLevel 1[0m checking '/home/user/ros2_ws/install/run_yolo/lib/python3.10/site-packages'
[4.839s] [34mcolcon.colcon_core.shell[0m [1;30mLevel 1[0m create_environment_hook('run_yolo', 'pythonpath')
[4.839s] [34mcolcon.colcon_core.shell[0m [1;30mINFO[0m Creating environment hook '/home/user/ros2_ws/install/run_yolo/share/run_yolo/hook/pythonpath.ps1'
[4.839s] [34mcolcon.colcon_core.shell[0m [1;30mINFO[0m Creating environment descriptor '/home/user/ros2_ws/install/run_yolo/share/run_yolo/hook/pythonpath.dsv'
[4.840s] [34mcolcon.colcon_core.shell[0m [1;30mINFO[0m Creating environment hook '/home/user/ros2_ws/install/run_yolo/share/run_yolo/hook/pythonpath.sh'
[4.840s] [34mcolcon.colcon_core.environment[0m [1;30mLevel 1[0m checking '/home/user/ros2_ws/install/run_yolo/bin'
[4.840s] [34mcolcon.colcon_core.environment[0m [1;30mLevel 1[0m create_environment_scripts_only(run_yolo)
[4.841s] [34mcolcon.colcon_core.shell[0m [1;30mINFO[0m Creating package script '/home/user/ros2_ws/install/run_yolo/share/run_yolo/package.ps1'
[4.841s] [34mcolcon.colcon_core.shell[0m [1;30mINFO[0m Creating package descriptor '/home/user/ros2_ws/install/run_yolo/share/run_yolo/package.dsv'
[4.842s] [34mcolcon.colcon_core.shell[0m [1;30mINFO[0m Creating package script '/home/user/ros2_ws/install/run_yolo/share/run_yolo/package.sh'
[4.842s] [34mcolcon.colcon_core.shell[0m [1;30mINFO[0m Creating package script '/home/user/ros2_ws/install/run_yolo/share/run_yolo/package.bash'
[4.842s] [34mcolcon.colcon_core.shell[0m [1;30mINFO[0m Creating package script '/home/user/ros2_ws/install/run_yolo/share/run_yolo/package.zsh'
[4.843s] [34mcolcon.colcon_core.environment[0m [1;30mLevel 1[0m create_file_with_runtime_dependencies(/home/user/ros2_ws/install/run_yolo/share/colcon-core/packages/run_yolo)
[4.843s] [34mcolcon.colcon_parallel_executor.executor.parallel[0m [1;30mDEBUG[0m [32mclosing loop[0m
[4.843s] [34mcolcon.colcon_parallel_executor.executor.parallel[0m [1;30mDEBUG[0m [32mloop closed[0m
[4.844s] [34mcolcon.colcon_parallel_executor.executor.parallel[0m [1;30mDEBUG[0m [32mrun_until_complete finished with '0'[0m
[4.844s] [34mcolcon.colcon_core.event_reactor[0m [1;30mDEBUG[0m [32mjoining thread[0m
[4.851s] [34mcolcon.colcon_core.plugin_system[0m [1;30mINFO[0m Skipping extension 'colcon_notification.desktop_notification.notify_send': Could not find 'notify-send'
[4.851s] [34mcolcon.colcon_core.plugin_system[0m [1;30mINFO[0m Skipping extension 'colcon_notification.desktop_notification.terminal_notifier': Not used on non-Darwin systems
[4.851s] [34mcolcon.colcon_core.plugin_system[0m [1;30mINFO[0m Skipping extension 'colcon_notification.desktop_notification.win32': Not used on non-Windows systems
[4.851s] [34mcolcon.colcon_notification.desktop_notification[0m [1;30mINFO[0m Sending desktop notification using 'notify2'
[4.853s] [34mcolcon.colcon_notification.desktop_notification.notify2[0m [1;30mDEBUG[0m [32mFailed to initialize notify2: org.freedesktop.DBus.Error.Spawn.ExecFailed: /usr/bin/dbus-launch terminated abnormally without any error message[0m
[4.853s] [34mcolcon.colcon_core.event_reactor[0m [1;30mDEBUG[0m [32mjoined thread[0m
[4.854s] [34mcolcon.colcon_core.shell[0m [1;30mINFO[0m Creating prefix script '/home/user/ros2_ws/install/local_setup.ps1'
[4.855s] [34mcolcon.colcon_core.shell[0m [1;30mINFO[0m Creating prefix util module '/home/user/ros2_ws/install/_local_setup_util_ps1.py'
[4.857s] [34mcolcon.colcon_core.shell[0m [1;30mINFO[0m Creating prefix chain script '/home/user/ros2_ws/install/setup.ps1'
[4.859s] [34mcolcon.colcon_core.shell[0m [1;30mINFO[0m Creating prefix script '/home/user/ros2_ws/install/local_setup.sh'
[4.860s] [34mcolcon.colcon_core.shell[0m [1;30mINFO[0m Creating prefix util module '/home/user/ros2_ws/install/_local_setup_util_sh.py'
[4.860s] [34mcolcon.colcon_core.shell[0m [1;30mINFO[0m Creating prefix chain script '/home/user/ros2_ws/install/setup.sh'
[4.862s] [34mcolcon.colcon_core.shell[0m [1;30mINFO[0m Creating prefix script '/home/user/ros2_ws/install/local_setup.bash'
[4.863s] [34mcolcon.colcon_core.shell[0m [1;30mINFO[0m Creating prefix chain script '/home/user/ros2_ws/install/setup.bash'
[4.865s] [34mcolcon.colcon_core.shell[0m [1;30mINFO[0m Creating prefix script '/home/user/ros2_ws/install/local_setup.zsh'
[4.866s] [34mcolcon.colcon_core.shell[0m [1;30mINFO[0m Creating prefix chain script '/home/user/ros2_ws/install/setup.zsh'
