running develop
running egg_info
creating run_yolo.egg-info
writing run_yolo.egg-info/PKG-INFO
writing dependency_links to run_yolo.egg-info/dependency_links.txt
writing entry points to run_yolo.egg-info/entry_points.txt
writing requirements to run_yolo.egg-info/requires.txt
writing top-level names to run_yolo.egg-info/top_level.txt
writing manifest file 'run_yolo.egg-info/SOURCES.txt'
reading manifest file 'run_yolo.egg-info/SOURCES.txt'
writing manifest file 'run_yolo.egg-info/SOURCES.txt'
running build_ext
Creating /home/user/ros2_ws/install/run_yolo/lib/python3.10/site-packages/run-yolo.egg-link (link to .)
Installing run_yolo = run_yolo.run_yolo:mainrun_onnx script to /home/user/ros2_ws/install/run_yolo/lib/run_yolo

Installed /home/user/ros2_ws/build/run_yolo
running symlink_data
creating /home/user/ros2_ws/install/run_yolo/share/ament_index
creating /home/user/ros2_ws/install/run_yolo/share/ament_index/resource_index
creating /home/user/ros2_ws/install/run_yolo/share/ament_index/resource_index/packages
symbolically linking /home/user/ros2_ws/build/run_yolo/resource/run_yolo -> /home/user/ros2_ws/install/run_yolo/share/ament_index/resource_index/packages
symbolically linking /home/user/ros2_ws/build/run_yolo/package.xml -> /home/user/ros2_ws/install/run_yolo/share/run_yolo
