[1.057s] Invoking command in '/home/user/ros2_ws/build/controller': PYTHONPATH=/home/user/ros2_ws/build/controller/prefix_override:/home/user/ros2_ws/install/controller/lib/python3.10/site-packages:${PYTHONPATH} _=/usr/bin/env /usr/bin/python3 -W ignore:setup.py install is deprecated setup.py develop --editable --build-directory /home/user/ros2_ws/build/controller/build --no-deps symlink_data
[1.399s] running develop
[1.399s] /usr/lib/python3/dist-packages/setuptools/command/easy_install.py:158: EasyInstallDeprecationWarning: easy_install command is deprecated. Use build and pip and other standards-based tools.
[1.399s]   warnings.warn(
[1.601s] running egg_info
[1.601s] writing controller.egg-info/PKG-INFO
[1.601s] writing dependency_links to controller.egg-info/dependency_links.txt
[1.601s] writing entry points to controller.egg-info/entry_points.txt
[1.601s] writing requirements to controller.egg-info/requires.txt
[1.602s] writing top-level names to controller.egg-info/top_level.txt
[1.603s] reading manifest file 'controller.egg-info/SOURCES.txt'
[1.605s] writing manifest file 'controller.egg-info/SOURCES.txt'
[1.607s] running build_ext
[1.607s] Creating /home/user/ros2_ws/install/controller/lib/python3.10/site-packages/controller.egg-link (link to .)
[1.608s] Installing dummy_publisher script to /home/user/ros2_ws/install/controller/lib/controller
[1.608s] Installing pid_node script to /home/user/ros2_ws/install/controller/lib/controller
[1.608s] 
[1.608s] Installed /home/user/ros2_ws/build/controller
[1.608s] running symlink_data
[1.634s] Invoked command in '/home/user/ros2_ws/build/controller' returned '0': PYTHONPATH=/home/user/ros2_ws/build/controller/prefix_override:/home/user/ros2_ws/install/controller/lib/python3.10/site-packages:${PYTHONPATH} _=/usr/bin/env /usr/bin/python3 -W ignore:setup.py install is deprecated setup.py develop --editable --build-directory /home/user/ros2_ws/build/controller/build --no-deps symlink_data
