[0.371s] [34mcolcon[0m [1;30mDEBUG[0m [32mCommand line arguments: ['/usr/bin/colcon', 'build', '--symlink-install'][0m
[0.372s] [34mcolcon[0m [1;30mDEBUG[0m [32mParsed command line arguments: Namespace(log_base=None, log_level=None, verb_name='build', build_base='build', install_base='install', merge_install=False, symlink_install=True, test_result_base=None, continue_on_error=False, executor='parallel', parallel_workers=8, event_handlers=None, ignore_user_meta=False, metas=['./colcon.meta'], base_paths=['.'], packages_ignore=None, packages_ignore_regex=None, paths=None, packages_up_to=None, packages_up_to_regex=None, packages_above=None, packages_above_and_dependencies=None, packages_above_depth=None, packages_select_by_dep=None, packages_skip_by_dep=None, packages_skip_up_to=None, packages_select_build_failed=False, packages_skip_build_finished=False, packages_select_test_failures=False, packages_skip_test_passed=False, packages_select=None, packages_skip=None, packages_select_regex=None, packages_skip_regex=None, packages_start=None, packages_end=None, lookup_in_workspace=False, cargo_args=None, clean_build=False, cmake_args=None, cmake_target=None, cmake_target_skip_unavailable=False, cmake_clean_cache=False, cmake_clean_first=False, cmake_force_configure=False, ament_cmake_args=None, catkin_cmake_args=None, catkin_skip_building_tests=False, mixin_files=None, mixin=None, verb_parser=<colcon_mixin.mixin.mixin_argument.MixinArgumentDecorator object at 0x7fd3425a94e0>, verb_extension=<colcon_core.verb.build.BuildVerb object at 0x7fd3425a8970>, main=<bound method BuildVerb.main of <colcon_core.verb.build.BuildVerb object at 0x7fd3425a8970>>, mixin_verb=('build',))[0m
[0.694s] [34mcolcon.colcon_core.package_discovery[0m [1;30mLevel 1[0m discover_packages(colcon_meta) check parameters
[0.694s] [34mcolcon.colcon_core.package_discovery[0m [1;30mLevel 1[0m discover_packages(recursive) check parameters
[0.695s] [34mcolcon.colcon_core.package_discovery[0m [1;30mLevel 1[0m discover_packages(ignore) check parameters
[0.695s] [34mcolcon.colcon_core.package_discovery[0m [1;30mLevel 1[0m discover_packages(path) check parameters
[0.695s] [34mcolcon.colcon_core.package_discovery[0m [1;30mLevel 1[0m discover_packages(colcon_meta) discover
[0.695s] [34mcolcon.colcon_core.package_discovery[0m [1;30mLevel 1[0m discover_packages(recursive) discover
[0.695s] [34mcolcon.colcon_core.package_discovery[0m [1;30mINFO[0m Crawling recursively for packages in '/home/user/ros2_ws'
[0.695s] [34mcolcon.colcon_core.package_identification[0m [1;30mLevel 1[0m _identify(.) by extensions ['ignore', 'ignore_ament_install']
[0.695s] [34mcolcon.colcon_core.package_identification[0m [1;30mLevel 1[0m _identify(.) by extension 'ignore'
[0.696s] [34mcolcon.colcon_core.package_identification[0m [1;30mLevel 1[0m _identify(.) by extension 'ignore_ament_install'
[0.696s] [34mcolcon.colcon_core.package_identification[0m [1;30mLevel 1[0m _identify(.) by extensions ['colcon_pkg']
[0.696s] [34mcolcon.colcon_core.package_identification[0m [1;30mLevel 1[0m _identify(.) by extension 'colcon_pkg'
[0.696s] [34mcolcon.colcon_core.package_identification[0m [1;30mLevel 1[0m _identify(.) by extensions ['colcon_meta']
[0.696s] [34mcolcon.colcon_core.package_identification[0m [1;30mLevel 1[0m _identify(.) by extension 'colcon_meta'
[0.696s] [34mcolcon.colcon_core.package_identification[0m [1;30mLevel 1[0m _identify(.) by extensions ['ament_cargo']
[0.696s] [34mcolcon.colcon_core.package_identification[0m [1;30mLevel 1[0m _identify(.) by extension 'ament_cargo'
[0.696s] [34mcolcon.colcon_core.package_identification[0m [1;30mLevel 1[0m _identify(.) by extensions ['ros']
[0.696s] [34mcolcon.colcon_core.package_identification[0m [1;30mLevel 1[0m _identify(.) by extension 'ros'
[0.725s] [34mcolcon.colcon_core.package_identification[0m [1;30mLevel 1[0m _identify(.) by extensions ['cargo', 'cmake', 'python']
[0.725s] [34mcolcon.colcon_core.package_identification[0m [1;30mLevel 1[0m _identify(.) by extension 'cargo'
[0.726s] [34mcolcon.colcon_core.package_identification[0m [1;30mLevel 1[0m _identify(.) by extension 'cmake'
[0.726s] [34mcolcon.colcon_core.package_identification[0m [1;30mLevel 1[0m _identify(.) by extension 'python'
[0.726s] [34mcolcon.colcon_core.package_identification[0m [1;30mLevel 1[0m _identify(.) by extensions ['python_setup_py']
[0.726s] [34mcolcon.colcon_core.package_identification[0m [1;30mLevel 1[0m _identify(.) by extension 'python_setup_py'
[0.726s] [34mcolcon.colcon_core.package_identification[0m [1;30mLevel 1[0m _identify(build) by extensions ['ignore', 'ignore_ament_install']
[0.726s] [34mcolcon.colcon_core.package_identification[0m [1;30mLevel 1[0m _identify(build) by extension 'ignore'
[0.726s] [34mcolcon.colcon_core.package_identification[0m [1;30mLevel 1[0m _identify(build) ignored
[0.726s] [34mcolcon.colcon_core.package_identification[0m [1;30mLevel 1[0m _identify(install) by extensions ['ignore', 'ignore_ament_install']
[0.727s] [34mcolcon.colcon_core.package_identification[0m [1;30mLevel 1[0m _identify(install) by extension 'ignore'
[0.727s] [34mcolcon.colcon_core.package_identification[0m [1;30mLevel 1[0m _identify(install) ignored
[0.727s] [34mcolcon.colcon_core.package_identification[0m [1;30mLevel 1[0m _identify(log) by extensions ['ignore', 'ignore_ament_install']
[0.727s] [34mcolcon.colcon_core.package_identification[0m [1;30mLevel 1[0m _identify(log) by extension 'ignore'
[0.727s] [34mcolcon.colcon_core.package_identification[0m [1;30mLevel 1[0m _identify(log) ignored
[0.727s] [34mcolcon.colcon_core.package_identification[0m [1;30mLevel 1[0m _identify(src) by extensions ['ignore', 'ignore_ament_install']
[0.727s] [34mcolcon.colcon_core.package_identification[0m [1;30mLevel 1[0m _identify(src) by extension 'ignore'
[0.727s] [34mcolcon.colcon_core.package_identification[0m [1;30mLevel 1[0m _identify(src) by extension 'ignore_ament_install'
[0.727s] [34mcolcon.colcon_core.package_identification[0m [1;30mLevel 1[0m _identify(src) by extensions ['colcon_pkg']
[0.727s] [34mcolcon.colcon_core.package_identification[0m [1;30mLevel 1[0m _identify(src) by extension 'colcon_pkg'
[0.728s] [34mcolcon.colcon_core.package_identification[0m [1;30mLevel 1[0m _identify(src) by extensions ['colcon_meta']
[0.728s] [34mcolcon.colcon_core.package_identification[0m [1;30mLevel 1[0m _identify(src) by extension 'colcon_meta'
[0.728s] [34mcolcon.colcon_core.package_identification[0m [1;30mLevel 1[0m _identify(src) by extensions ['ament_cargo']
[0.728s] [34mcolcon.colcon_core.package_identification[0m [1;30mLevel 1[0m _identify(src) by extension 'ament_cargo'
[0.728s] [34mcolcon.colcon_core.package_identification[0m [1;30mLevel 1[0m _identify(src) by extensions ['ros']
[0.728s] [34mcolcon.colcon_core.package_identification[0m [1;30mLevel 1[0m _identify(src) by extension 'ros'
[0.728s] [34mcolcon.colcon_core.package_identification[0m [1;30mLevel 1[0m _identify(src) by extensions ['cargo', 'cmake', 'python']
[0.728s] [34mcolcon.colcon_core.package_identification[0m [1;30mLevel 1[0m _identify(src) by extension 'cargo'
[0.728s] [34mcolcon.colcon_core.package_identification[0m [1;30mLevel 1[0m _identify(src) by extension 'cmake'
[0.728s] [34mcolcon.colcon_core.package_identification[0m [1;30mLevel 1[0m _identify(src) by extension 'python'
[0.728s] [34mcolcon.colcon_core.package_identification[0m [1;30mLevel 1[0m _identify(src) by extensions ['python_setup_py']
[0.728s] [34mcolcon.colcon_core.package_identification[0m [1;30mLevel 1[0m _identify(src) by extension 'python_setup_py'
[0.729s] [34mcolcon.colcon_core.package_identification[0m [1;30mLevel 1[0m _identify(src/controller) by extensions ['ignore', 'ignore_ament_install']
[0.729s] [34mcolcon.colcon_core.package_identification[0m [1;30mLevel 1[0m _identify(src/controller) by extension 'ignore'
[0.729s] [34mcolcon.colcon_core.package_identification[0m [1;30mLevel 1[0m _identify(src/controller) by extension 'ignore_ament_install'
[0.729s] [34mcolcon.colcon_core.package_identification[0m [1;30mLevel 1[0m _identify(src/controller) by extensions ['colcon_pkg']
[0.729s] [34mcolcon.colcon_core.package_identification[0m [1;30mLevel 1[0m _identify(src/controller) by extension 'colcon_pkg'
[0.729s] [34mcolcon.colcon_core.package_identification[0m [1;30mLevel 1[0m _identify(src/controller) by extensions ['colcon_meta']
[0.729s] [34mcolcon.colcon_core.package_identification[0m [1;30mLevel 1[0m _identify(src/controller) by extension 'colcon_meta'
[0.729s] [34mcolcon.colcon_core.package_identification[0m [1;30mLevel 1[0m _identify(src/controller) by extensions ['ament_cargo']
[0.729s] [34mcolcon.colcon_core.package_identification[0m [1;30mLevel 1[0m _identify(src/controller) by extension 'ament_cargo'
[0.729s] [34mcolcon.colcon_core.package_identification[0m [1;30mLevel 1[0m _identify(src/controller) by extensions ['ros']
[0.729s] [34mcolcon.colcon_core.package_identification[0m [1;30mLevel 1[0m _identify(src/controller) by extension 'ros'
[0.737s] [34mcolcon.colcon_core.package_identification[0m [1;30mDEBUG[0m [32mPackage 'src/controller' with type 'ros.ament_python' and name 'controller'[0m
[0.738s] [34mcolcon.colcon_core.package_identification[0m [1;30mLevel 1[0m _identify(src/line_follower) by extensions ['ignore', 'ignore_ament_install']
[0.738s] [34mcolcon.colcon_core.package_identification[0m [1;30mLevel 1[0m _identify(src/line_follower) by extension 'ignore'
[0.738s] [34mcolcon.colcon_core.package_identification[0m [1;30mLevel 1[0m _identify(src/line_follower) by extension 'ignore_ament_install'
[0.738s] [34mcolcon.colcon_core.package_identification[0m [1;30mLevel 1[0m _identify(src/line_follower) by extensions ['colcon_pkg']
[0.738s] [34mcolcon.colcon_core.package_identification[0m [1;30mLevel 1[0m _identify(src/line_follower) by extension 'colcon_pkg'
[0.738s] [34mcolcon.colcon_core.package_identification[0m [1;30mLevel 1[0m _identify(src/line_follower) by extensions ['colcon_meta']
[0.738s] [34mcolcon.colcon_core.package_identification[0m [1;30mLevel 1[0m _identify(src/line_follower) by extension 'colcon_meta'
[0.738s] [34mcolcon.colcon_core.package_identification[0m [1;30mLevel 1[0m _identify(src/line_follower) by extensions ['ament_cargo']
[0.738s] [34mcolcon.colcon_core.package_identification[0m [1;30mLevel 1[0m _identify(src/line_follower) by extension 'ament_cargo'
[0.738s] [34mcolcon.colcon_core.package_identification[0m [1;30mLevel 1[0m _identify(src/line_follower) by extensions ['ros']
[0.738s] [34mcolcon.colcon_core.package_identification[0m [1;30mLevel 1[0m _identify(src/line_follower) by extension 'ros'
[0.739s] [34mcolcon.colcon_core.package_identification[0m [1;30mDEBUG[0m [32mPackage 'src/line_follower' with type 'ros.ament_python' and name 'line_follower'[0m
[0.739s] [34mcolcon.colcon_core.package_identification[0m [1;30mLevel 1[0m _identify(src/odometry) by extensions ['ignore', 'ignore_ament_install']
[0.739s] [34mcolcon.colcon_core.package_identification[0m [1;30mLevel 1[0m _identify(src/odometry) by extension 'ignore'
[0.739s] [34mcolcon.colcon_core.package_identification[0m [1;30mLevel 1[0m _identify(src/odometry) by extension 'ignore_ament_install'
[0.740s] [34mcolcon.colcon_core.package_identification[0m [1;30mLevel 1[0m _identify(src/odometry) by extensions ['colcon_pkg']
[0.740s] [34mcolcon.colcon_core.package_identification[0m [1;30mLevel 1[0m _identify(src/odometry) by extension 'colcon_pkg'
[0.740s] [34mcolcon.colcon_core.package_identification[0m [1;30mLevel 1[0m _identify(src/odometry) by extensions ['colcon_meta']
[0.740s] [34mcolcon.colcon_core.package_identification[0m [1;30mLevel 1[0m _identify(src/odometry) by extension 'colcon_meta'
[0.740s] [34mcolcon.colcon_core.package_identification[0m [1;30mLevel 1[0m _identify(src/odometry) by extensions ['ament_cargo']
[0.740s] [34mcolcon.colcon_core.package_identification[0m [1;30mLevel 1[0m _identify(src/odometry) by extension 'ament_cargo'
[0.740s] [34mcolcon.colcon_core.package_identification[0m [1;30mLevel 1[0m _identify(src/odometry) by extensions ['ros']
[0.740s] [34mcolcon.colcon_core.package_identification[0m [1;30mLevel 1[0m _identify(src/odometry) by extension 'ros'
[0.741s] [34mcolcon.colcon_core.package_identification[0m [1;30mDEBUG[0m [32mPackage 'src/odometry' with type 'ros.ament_python' and name 'odometry'[0m
[0.741s] [34mcolcon.colcon_core.package_identification[0m [1;30mLevel 1[0m _identify(src/run_yolo) by extensions ['ignore', 'ignore_ament_install']
[0.742s] [34mcolcon.colcon_core.package_identification[0m [1;30mLevel 1[0m _identify(src/run_yolo) by extension 'ignore'
[0.742s] [34mcolcon.colcon_core.package_identification[0m [1;30mLevel 1[0m _identify(src/run_yolo) by extension 'ignore_ament_install'
[0.742s] [34mcolcon.colcon_core.package_identification[0m [1;30mLevel 1[0m _identify(src/run_yolo) by extensions ['colcon_pkg']
[0.742s] [34mcolcon.colcon_core.package_identification[0m [1;30mLevel 1[0m _identify(src/run_yolo) by extension 'colcon_pkg'
[0.742s] [34mcolcon.colcon_core.package_identification[0m [1;30mLevel 1[0m _identify(src/run_yolo) by extensions ['colcon_meta']
[0.742s] [34mcolcon.colcon_core.package_identification[0m [1;30mLevel 1[0m _identify(src/run_yolo) by extension 'colcon_meta'
[0.742s] [34mcolcon.colcon_core.package_identification[0m [1;30mLevel 1[0m _identify(src/run_yolo) by extensions ['ament_cargo']
[0.742s] [34mcolcon.colcon_core.package_identification[0m [1;30mLevel 1[0m _identify(src/run_yolo) by extension 'ament_cargo'
[0.742s] [34mcolcon.colcon_core.package_identification[0m [1;30mLevel 1[0m _identify(src/run_yolo) by extensions ['ros']
[0.742s] [34mcolcon.colcon_core.package_identification[0m [1;30mLevel 1[0m _identify(src/run_yolo) by extension 'ros'
[0.744s] [34mcolcon.colcon_core.package_identification[0m [1;30mDEBUG[0m [32mPackage 'src/run_yolo' with type 'ros.ament_python' and name 'run_yolo'[0m
[0.744s] [34mcolcon.colcon_core.package_identification[0m [1;30mLevel 1[0m _identify(src/smart_parking) by extensions ['ignore', 'ignore_ament_install']
[0.744s] [34mcolcon.colcon_core.package_identification[0m [1;30mLevel 1[0m _identify(src/smart_parking) by extension 'ignore'
[0.744s] [34mcolcon.colcon_core.package_identification[0m [1;30mLevel 1[0m _identify(src/smart_parking) by extension 'ignore_ament_install'
[0.744s] [34mcolcon.colcon_core.package_identification[0m [1;30mLevel 1[0m _identify(src/smart_parking) by extensions ['colcon_pkg']
[0.744s] [34mcolcon.colcon_core.package_identification[0m [1;30mLevel 1[0m _identify(src/smart_parking) by extension 'colcon_pkg'
[0.744s] [34mcolcon.colcon_core.package_identification[0m [1;30mLevel 1[0m _identify(src/smart_parking) by extensions ['colcon_meta']
[0.745s] [34mcolcon.colcon_core.package_identification[0m [1;30mLevel 1[0m _identify(src/smart_parking) by extension 'colcon_meta'
[0.745s] [34mcolcon.colcon_core.package_identification[0m [1;30mLevel 1[0m _identify(src/smart_parking) by extensions ['ament_cargo']
[0.745s] [34mcolcon.colcon_core.package_identification[0m [1;30mLevel 1[0m _identify(src/smart_parking) by extension 'ament_cargo'
[0.745s] [34mcolcon.colcon_core.package_identification[0m [1;30mLevel 1[0m _identify(src/smart_parking) by extensions ['ros']
[0.745s] [34mcolcon.colcon_core.package_identification[0m [1;30mLevel 1[0m _identify(src/smart_parking) by extension 'ros'
[0.746s] [34mcolcon.colcon_core.package_identification[0m [1;30mDEBUG[0m [32mPackage 'src/smart_parking' with type 'ros.ament_python' and name 'smart_parking'[0m
[0.746s] [34mcolcon.colcon_core.package_discovery[0m [1;30mLevel 1[0m discover_packages(recursive) using defaults
[0.746s] [34mcolcon.colcon_core.package_discovery[0m [1;30mLevel 1[0m discover_packages(ignore) discover
[0.746s] [34mcolcon.colcon_core.package_discovery[0m [1;30mLevel 1[0m discover_packages(ignore) using defaults
[0.746s] [34mcolcon.colcon_core.package_discovery[0m [1;30mLevel 1[0m discover_packages(path) discover
[0.746s] [34mcolcon.colcon_core.package_discovery[0m [1;30mLevel 1[0m discover_packages(path) using defaults
[0.802s] [34mcolcon.colcon_core.verb[0m [1;30mLevel 5[0m set package 'controller' build argument 'lookup_in_workspace' from command line to 'False'
[0.802s] [34mcolcon.colcon_core.verb[0m [1;30mLevel 5[0m set package 'controller' build argument 'cargo_args' from command line to 'None'
[0.802s] [34mcolcon.colcon_core.verb[0m [1;30mLevel 5[0m set package 'controller' build argument 'clean_build' from command line to 'False'
[0.802s] [34mcolcon.colcon_core.verb[0m [1;30mLevel 5[0m set package 'controller' build argument 'cmake_args' from command line to 'None'
[0.802s] [34mcolcon.colcon_core.verb[0m [1;30mLevel 5[0m set package 'controller' build argument 'cmake_target' from command line to 'None'
[0.802s] [34mcolcon.colcon_core.verb[0m [1;30mLevel 5[0m set package 'controller' build argument 'cmake_target_skip_unavailable' from command line to 'False'
[0.802s] [34mcolcon.colcon_core.verb[0m [1;30mLevel 5[0m set package 'controller' build argument 'cmake_clean_cache' from command line to 'False'
[0.802s] [34mcolcon.colcon_core.verb[0m [1;30mLevel 5[0m set package 'controller' build argument 'cmake_clean_first' from command line to 'False'
[0.803s] [34mcolcon.colcon_core.verb[0m [1;30mLevel 5[0m set package 'controller' build argument 'cmake_force_configure' from command line to 'False'
[0.803s] [34mcolcon.colcon_core.verb[0m [1;30mLevel 5[0m set package 'controller' build argument 'ament_cmake_args' from command line to 'None'
[0.803s] [34mcolcon.colcon_core.verb[0m [1;30mLevel 5[0m set package 'controller' build argument 'catkin_cmake_args' from command line to 'None'
[0.803s] [34mcolcon.colcon_core.verb[0m [1;30mLevel 5[0m set package 'controller' build argument 'catkin_skip_building_tests' from command line to 'False'
[0.803s] [34mcolcon.colcon_core.verb[0m [1;30mDEBUG[0m [32mBuilding package 'controller' with the following arguments: {'ament_cmake_args': None, 'build_base': '/home/user/ros2_ws/build/controller', 'cargo_args': None, 'catkin_cmake_args': None, 'catkin_skip_building_tests': False, 'clean_build': False, 'cmake_args': None, 'cmake_clean_cache': False, 'cmake_clean_first': False, 'cmake_force_configure': False, 'cmake_target': None, 'cmake_target_skip_unavailable': False, 'install_base': '/home/user/ros2_ws/install/controller', 'lookup_in_workspace': False, 'merge_install': False, 'path': '/home/user/ros2_ws/src/controller', 'symlink_install': True, 'test_result_base': None}[0m
[0.803s] [34mcolcon.colcon_core.verb[0m [1;30mLevel 5[0m set package 'line_follower' build argument 'lookup_in_workspace' from command line to 'False'
[0.804s] [34mcolcon.colcon_core.verb[0m [1;30mLevel 5[0m set package 'line_follower' build argument 'cargo_args' from command line to 'None'
[0.804s] [34mcolcon.colcon_core.verb[0m [1;30mLevel 5[0m set package 'line_follower' build argument 'clean_build' from command line to 'False'
[0.804s] [34mcolcon.colcon_core.verb[0m [1;30mLevel 5[0m set package 'line_follower' build argument 'cmake_args' from command line to 'None'
[0.804s] [34mcolcon.colcon_core.verb[0m [1;30mLevel 5[0m set package 'line_follower' build argument 'cmake_target' from command line to 'None'
[0.804s] [34mcolcon.colcon_core.verb[0m [1;30mLevel 5[0m set package 'line_follower' build argument 'cmake_target_skip_unavailable' from command line to 'False'
[0.804s] [34mcolcon.colcon_core.verb[0m [1;30mLevel 5[0m set package 'line_follower' build argument 'cmake_clean_cache' from command line to 'False'
[0.804s] [34mcolcon.colcon_core.verb[0m [1;30mLevel 5[0m set package 'line_follower' build argument 'cmake_clean_first' from command line to 'False'
[0.804s] [34mcolcon.colcon_core.verb[0m [1;30mLevel 5[0m set package 'line_follower' build argument 'cmake_force_configure' from command line to 'False'
[0.804s] [34mcolcon.colcon_core.verb[0m [1;30mLevel 5[0m set package 'line_follower' build argument 'ament_cmake_args' from command line to 'None'
[0.804s] [34mcolcon.colcon_core.verb[0m [1;30mLevel 5[0m set package 'line_follower' build argument 'catkin_cmake_args' from command line to 'None'
[0.804s] [34mcolcon.colcon_core.verb[0m [1;30mLevel 5[0m set package 'line_follower' build argument 'catkin_skip_building_tests' from command line to 'False'
[0.804s] [34mcolcon.colcon_core.verb[0m [1;30mDEBUG[0m [32mBuilding package 'line_follower' with the following arguments: {'ament_cmake_args': None, 'build_base': '/home/user/ros2_ws/build/line_follower', 'cargo_args': None, 'catkin_cmake_args': None, 'catkin_skip_building_tests': False, 'clean_build': False, 'cmake_args': None, 'cmake_clean_cache': False, 'cmake_clean_first': False, 'cmake_force_configure': False, 'cmake_target': None, 'cmake_target_skip_unavailable': False, 'install_base': '/home/user/ros2_ws/install/line_follower', 'lookup_in_workspace': False, 'merge_install': False, 'path': '/home/user/ros2_ws/src/line_follower', 'symlink_install': True, 'test_result_base': None}[0m
[0.804s] [34mcolcon.colcon_core.verb[0m [1;30mLevel 5[0m set package 'odometry' build argument 'lookup_in_workspace' from command line to 'False'
[0.805s] [34mcolcon.colcon_core.verb[0m [1;30mLevel 5[0m set package 'odometry' build argument 'cargo_args' from command line to 'None'
[0.805s] [34mcolcon.colcon_core.verb[0m [1;30mLevel 5[0m set package 'odometry' build argument 'clean_build' from command line to 'False'
[0.805s] [34mcolcon.colcon_core.verb[0m [1;30mLevel 5[0m set package 'odometry' build argument 'cmake_args' from command line to 'None'
[0.805s] [34mcolcon.colcon_core.verb[0m [1;30mLevel 5[0m set package 'odometry' build argument 'cmake_target' from command line to 'None'
[0.805s] [34mcolcon.colcon_core.verb[0m [1;30mLevel 5[0m set package 'odometry' build argument 'cmake_target_skip_unavailable' from command line to 'False'
[0.805s] [34mcolcon.colcon_core.verb[0m [1;30mLevel 5[0m set package 'odometry' build argument 'cmake_clean_cache' from command line to 'False'
[0.805s] [34mcolcon.colcon_core.verb[0m [1;30mLevel 5[0m set package 'odometry' build argument 'cmake_clean_first' from command line to 'False'
[0.805s] [34mcolcon.colcon_core.verb[0m [1;30mLevel 5[0m set package 'odometry' build argument 'cmake_force_configure' from command line to 'False'
[0.805s] [34mcolcon.colcon_core.verb[0m [1;30mLevel 5[0m set package 'odometry' build argument 'ament_cmake_args' from command line to 'None'
[0.805s] [34mcolcon.colcon_core.verb[0m [1;30mLevel 5[0m set package 'odometry' build argument 'catkin_cmake_args' from command line to 'None'
[0.805s] [34mcolcon.colcon_core.verb[0m [1;30mLevel 5[0m set package 'odometry' build argument 'catkin_skip_building_tests' from command line to 'False'
[0.805s] [34mcolcon.colcon_core.verb[0m [1;30mDEBUG[0m [32mBuilding package 'odometry' with the following arguments: {'ament_cmake_args': None, 'build_base': '/home/user/ros2_ws/build/odometry', 'cargo_args': None, 'catkin_cmake_args': None, 'catkin_skip_building_tests': False, 'clean_build': False, 'cmake_args': None, 'cmake_clean_cache': False, 'cmake_clean_first': False, 'cmake_force_configure': False, 'cmake_target': None, 'cmake_target_skip_unavailable': False, 'install_base': '/home/user/ros2_ws/install/odometry', 'lookup_in_workspace': False, 'merge_install': False, 'path': '/home/user/ros2_ws/src/odometry', 'symlink_install': True, 'test_result_base': None}[0m
[0.806s] [34mcolcon.colcon_core.verb[0m [1;30mLevel 5[0m set package 'run_yolo' build argument 'lookup_in_workspace' from command line to 'False'
[0.806s] [34mcolcon.colcon_core.verb[0m [1;30mLevel 5[0m set package 'run_yolo' build argument 'cargo_args' from command line to 'None'
[0.806s] [34mcolcon.colcon_core.verb[0m [1;30mLevel 5[0m set package 'run_yolo' build argument 'clean_build' from command line to 'False'
[0.806s] [34mcolcon.colcon_core.verb[0m [1;30mLevel 5[0m set package 'run_yolo' build argument 'cmake_args' from command line to 'None'
[0.806s] [34mcolcon.colcon_core.verb[0m [1;30mLevel 5[0m set package 'run_yolo' build argument 'cmake_target' from command line to 'None'
[0.806s] [34mcolcon.colcon_core.verb[0m [1;30mLevel 5[0m set package 'run_yolo' build argument 'cmake_target_skip_unavailable' from command line to 'False'
[0.806s] [34mcolcon.colcon_core.verb[0m [1;30mLevel 5[0m set package 'run_yolo' build argument 'cmake_clean_cache' from command line to 'False'
[0.806s] [34mcolcon.colcon_core.verb[0m [1;30mLevel 5[0m set package 'run_yolo' build argument 'cmake_clean_first' from command line to 'False'
[0.806s] [34mcolcon.colcon_core.verb[0m [1;30mLevel 5[0m set package 'run_yolo' build argument 'cmake_force_configure' from command line to 'False'
[0.806s] [34mcolcon.colcon_core.verb[0m [1;30mLevel 5[0m set package 'run_yolo' build argument 'ament_cmake_args' from command line to 'None'
[0.806s] [34mcolcon.colcon_core.verb[0m [1;30mLevel 5[0m set package 'run_yolo' build argument 'catkin_cmake_args' from command line to 'None'
[0.806s] [34mcolcon.colcon_core.verb[0m [1;30mLevel 5[0m set package 'run_yolo' build argument 'catkin_skip_building_tests' from command line to 'False'
[0.806s] [34mcolcon.colcon_core.verb[0m [1;30mDEBUG[0m [32mBuilding package 'run_yolo' with the following arguments: {'ament_cmake_args': None, 'build_base': '/home/user/ros2_ws/build/run_yolo', 'cargo_args': None, 'catkin_cmake_args': None, 'catkin_skip_building_tests': False, 'clean_build': False, 'cmake_args': None, 'cmake_clean_cache': False, 'cmake_clean_first': False, 'cmake_force_configure': False, 'cmake_target': None, 'cmake_target_skip_unavailable': False, 'install_base': '/home/user/ros2_ws/install/run_yolo', 'lookup_in_workspace': False, 'merge_install': False, 'path': '/home/user/ros2_ws/src/run_yolo', 'symlink_install': True, 'test_result_base': None}[0m
[0.807s] [34mcolcon.colcon_core.verb[0m [1;30mLevel 5[0m set package 'smart_parking' build argument 'lookup_in_workspace' from command line to 'False'
[0.807s] [34mcolcon.colcon_core.verb[0m [1;30mLevel 5[0m set package 'smart_parking' build argument 'cargo_args' from command line to 'None'
[0.807s] [34mcolcon.colcon_core.verb[0m [1;30mLevel 5[0m set package 'smart_parking' build argument 'clean_build' from command line to 'False'
[0.807s] [34mcolcon.colcon_core.verb[0m [1;30mLevel 5[0m set package 'smart_parking' build argument 'cmake_args' from command line to 'None'
[0.807s] [34mcolcon.colcon_core.verb[0m [1;30mLevel 5[0m set package 'smart_parking' build argument 'cmake_target' from command line to 'None'
[0.807s] [34mcolcon.colcon_core.verb[0m [1;30mLevel 5[0m set package 'smart_parking' build argument 'cmake_target_skip_unavailable' from command line to 'False'
[0.807s] [34mcolcon.colcon_core.verb[0m [1;30mLevel 5[0m set package 'smart_parking' build argument 'cmake_clean_cache' from command line to 'False'
[0.807s] [34mcolcon.colcon_core.verb[0m [1;30mLevel 5[0m set package 'smart_parking' build argument 'cmake_clean_first' from command line to 'False'
[0.807s] [34mcolcon.colcon_core.verb[0m [1;30mLevel 5[0m set package 'smart_parking' build argument 'cmake_force_configure' from command line to 'False'
[0.807s] [34mcolcon.colcon_core.verb[0m [1;30mLevel 5[0m set package 'smart_parking' build argument 'ament_cmake_args' from command line to 'None'
[0.807s] [34mcolcon.colcon_core.verb[0m [1;30mLevel 5[0m set package 'smart_parking' build argument 'catkin_cmake_args' from command line to 'None'
[0.807s] [34mcolcon.colcon_core.verb[0m [1;30mLevel 5[0m set package 'smart_parking' build argument 'catkin_skip_building_tests' from command line to 'False'
[0.807s] [34mcolcon.colcon_core.verb[0m [1;30mDEBUG[0m [32mBuilding package 'smart_parking' with the following arguments: {'ament_cmake_args': None, 'build_base': '/home/user/ros2_ws/build/smart_parking', 'cargo_args': None, 'catkin_cmake_args': None, 'catkin_skip_building_tests': False, 'clean_build': False, 'cmake_args': None, 'cmake_clean_cache': False, 'cmake_clean_first': False, 'cmake_force_configure': False, 'cmake_target': None, 'cmake_target_skip_unavailable': False, 'install_base': '/home/user/ros2_ws/install/smart_parking', 'lookup_in_workspace': False, 'merge_install': False, 'path': '/home/user/ros2_ws/src/smart_parking', 'symlink_install': True, 'test_result_base': None}[0m
[0.807s] [34mcolcon.colcon_core.executor[0m [1;30mINFO[0m Executing jobs using 'parallel' executor
[0.808s] [34mcolcon.colcon_parallel_executor.executor.parallel[0m [1;30mDEBUG[0m [32mrun_until_complete[0m
[0.809s] [34mcolcon.colcon_ros.task.ament_python.build[0m [1;30mINFO[0m Building ROS package in '/home/user/ros2_ws/src/controller' with build type 'ament_python'
[0.809s] [34mcolcon.colcon_core.shell[0m [1;30mLevel 1[0m create_environment_hook('controller', 'ament_prefix_path')
[0.828s] [34mcolcon.colcon_core.plugin_system[0m [1;30mINFO[0m Skipping extension 'colcon_core.shell.bat': Not used on non-Windows systems
[0.828s] [34mcolcon.colcon_core.shell[0m [1;30mINFO[0m Creating environment hook '/home/user/ros2_ws/install/controller/share/controller/hook/ament_prefix_path.ps1'
[0.830s] [34mcolcon.colcon_core.shell[0m [1;30mINFO[0m Creating environment descriptor '/home/user/ros2_ws/install/controller/share/controller/hook/ament_prefix_path.dsv'
[0.831s] [34mcolcon.colcon_core.shell[0m [1;30mINFO[0m Creating environment hook '/home/user/ros2_ws/install/controller/share/controller/hook/ament_prefix_path.sh'
[0.833s] [34mcolcon.colcon_core.shell[0m [1;30mINFO[0m Skip shell extension 'powershell' for command environment: Not usable outside of PowerShell
[0.833s] [34mcolcon.colcon_core.shell[0m [1;30mDEBUG[0m [32mSkip shell extension 'dsv' for command environment[0m
[0.860s] [34mcolcon.colcon_ros.task.ament_python.build[0m [1;30mINFO[0m Building ROS package in '/home/user/ros2_ws/src/line_follower' with build type 'ament_python'
[0.860s] [34mcolcon.colcon_core.shell[0m [1;30mLevel 1[0m create_environment_hook('line_follower', 'ament_prefix_path')
[0.860s] [34mcolcon.colcon_core.shell[0m [1;30mINFO[0m Creating environment hook '/home/user/ros2_ws/install/line_follower/share/line_follower/hook/ament_prefix_path.ps1'
[0.861s] [34mcolcon.colcon_core.shell[0m [1;30mINFO[0m Creating environment descriptor '/home/user/ros2_ws/install/line_follower/share/line_follower/hook/ament_prefix_path.dsv'
[0.861s] [34mcolcon.colcon_core.shell[0m [1;30mINFO[0m Creating environment hook '/home/user/ros2_ws/install/line_follower/share/line_follower/hook/ament_prefix_path.sh'
[0.862s] [34mcolcon.colcon_core.shell[0m [1;30mINFO[0m Skip shell extension 'powershell' for command environment: Not usable outside of PowerShell
[0.862s] [34mcolcon.colcon_core.shell[0m [1;30mDEBUG[0m [32mSkip shell extension 'dsv' for command environment[0m
[0.875s] [34mcolcon.colcon_ros.task.ament_python.build[0m [1;30mINFO[0m Building ROS package in '/home/user/ros2_ws/src/odometry' with build type 'ament_python'
[0.876s] [34mcolcon.colcon_core.shell[0m [1;30mLevel 1[0m create_environment_hook('odometry', 'ament_prefix_path')
[0.876s] [34mcolcon.colcon_core.shell[0m [1;30mINFO[0m Creating environment hook '/home/user/ros2_ws/install/odometry/share/odometry/hook/ament_prefix_path.ps1'
[0.877s] [34mcolcon.colcon_core.shell[0m [1;30mINFO[0m Creating environment descriptor '/home/user/ros2_ws/install/odometry/share/odometry/hook/ament_prefix_path.dsv'
[0.877s] [34mcolcon.colcon_core.shell[0m [1;30mINFO[0m Creating environment hook '/home/user/ros2_ws/install/odometry/share/odometry/hook/ament_prefix_path.sh'
[0.878s] [34mcolcon.colcon_core.shell[0m [1;30mINFO[0m Skip shell extension 'powershell' for command environment: Not usable outside of PowerShell
[0.879s] [34mcolcon.colcon_core.shell[0m [1;30mDEBUG[0m [32mSkip shell extension 'dsv' for command environment[0m
[0.897s] [34mcolcon.colcon_ros.task.ament_python.build[0m [1;30mINFO[0m Building ROS package in '/home/user/ros2_ws/src/run_yolo' with build type 'ament_python'
[0.897s] [34mcolcon.colcon_core.shell[0m [1;30mLevel 1[0m create_environment_hook('run_yolo', 'ament_prefix_path')
[0.898s] [34mcolcon.colcon_core.shell[0m [1;30mINFO[0m Creating environment hook '/home/user/ros2_ws/install/run_yolo/share/run_yolo/hook/ament_prefix_path.ps1'
[0.898s] [34mcolcon.colcon_core.shell[0m [1;30mINFO[0m Creating environment descriptor '/home/user/ros2_ws/install/run_yolo/share/run_yolo/hook/ament_prefix_path.dsv'
[0.899s] [34mcolcon.colcon_core.shell[0m [1;30mINFO[0m Creating environment hook '/home/user/ros2_ws/install/run_yolo/share/run_yolo/hook/ament_prefix_path.sh'
[0.900s] [34mcolcon.colcon_core.shell[0m [1;30mINFO[0m Skip shell extension 'powershell' for command environment: Not usable outside of PowerShell
[0.900s] [34mcolcon.colcon_core.shell[0m [1;30mDEBUG[0m [32mSkip shell extension 'dsv' for command environment[0m
[0.917s] [34mcolcon.colcon_ros.task.ament_python.build[0m [1;30mINFO[0m Building ROS package in '/home/user/ros2_ws/src/smart_parking' with build type 'ament_python'
[0.917s] [34mcolcon.colcon_core.shell[0m [1;30mLevel 1[0m create_environment_hook('smart_parking', 'ament_prefix_path')
[0.917s] [34mcolcon.colcon_core.shell[0m [1;30mINFO[0m Creating environment hook '/home/user/ros2_ws/install/smart_parking/share/smart_parking/hook/ament_prefix_path.ps1'
[0.918s] [34mcolcon.colcon_core.shell[0m [1;30mINFO[0m Creating environment descriptor '/home/user/ros2_ws/install/smart_parking/share/smart_parking/hook/ament_prefix_path.dsv'
[0.918s] [34mcolcon.colcon_core.shell[0m [1;30mINFO[0m Creating environment hook '/home/user/ros2_ws/install/smart_parking/share/smart_parking/hook/ament_prefix_path.sh'
[0.919s] [34mcolcon.colcon_core.shell[0m [1;30mINFO[0m Skip shell extension 'powershell' for command environment: Not usable outside of PowerShell
[0.921s] [34mcolcon.colcon_core.shell[0m [1;30mDEBUG[0m [32mSkip shell extension 'dsv' for command environment[0m
[1.380s] [34mcolcon.colcon_core.task.python.build[0m [1;30mINFO[0m Building Python package in '/home/user/ros2_ws/src/controller'
[1.380s] [34mcolcon.colcon_core.shell[0m [1;30mINFO[0m Skip shell extension 'powershell' for command environment: Not usable outside of PowerShell
[1.381s] [34mcolcon.colcon_core.shell[0m [1;30mDEBUG[0m [32mSkip shell extension 'dsv' for command environment[0m
[1.795s] [34mcolcon.colcon_core.task.python.build[0m [1;30mINFO[0m Building Python package in '/home/user/ros2_ws/src/line_follower'
[1.795s] [34mcolcon.colcon_core.shell[0m [1;30mINFO[0m Skip shell extension 'powershell' for command environment: Not usable outside of PowerShell
[1.795s] [34mcolcon.colcon_core.shell[0m [1;30mDEBUG[0m [32mSkip shell extension 'dsv' for command environment[0m
[2.297s] [34mcolcon.colcon_core.task.python.build[0m [1;30mINFO[0m Building Python package in '/home/user/ros2_ws/src/odometry'
[2.297s] [34mcolcon.colcon_core.shell[0m [1;30mINFO[0m Skip shell extension 'powershell' for command environment: Not usable outside of PowerShell
[2.297s] [34mcolcon.colcon_core.shell[0m [1;30mDEBUG[0m [32mSkip shell extension 'dsv' for command environment[0m
[2.783s] [34mcolcon.colcon_core.task.python.build[0m [1;30mINFO[0m Building Python package in '/home/user/ros2_ws/src/run_yolo'
[2.783s] [34mcolcon.colcon_core.shell[0m [1;30mINFO[0m Skip shell extension 'powershell' for command environment: Not usable outside of PowerShell
[2.783s] [34mcolcon.colcon_core.shell[0m [1;30mDEBUG[0m [32mSkip shell extension 'dsv' for command environment[0m
[3.266s] [34mcolcon.colcon_core.task.python.build[0m [1;30mINFO[0m Building Python package in '/home/user/ros2_ws/src/smart_parking'
[3.267s] [34mcolcon.colcon_core.shell[0m [1;30mINFO[0m Skip shell extension 'powershell' for command environment: Not usable outside of PowerShell
[3.267s] [34mcolcon.colcon_core.shell[0m [1;30mDEBUG[0m [32mSkip shell extension 'dsv' for command environment[0m
[5.296s] [34mcolcon.colcon_core.event_handler.log_command[0m [1;30mDEBUG[0m [32mInvoking command in '/home/user/ros2_ws/build/smart_parking': PYTHONPATH=/home/user/ros2_ws/build/smart_parking/prefix_override:/home/user/ros2_ws/install/smart_parking/lib/python3.10/site-packages:${PYTHONPATH} _=/usr/bin/env /usr/bin/python3 -W ignore:setup.py install is deprecated setup.py develop --editable --build-directory /home/user/ros2_ws/build/smart_parking/build --no-deps symlink_data[0m
[5.311s] [34mcolcon.colcon_core.event_handler.log_command[0m [1;30mDEBUG[0m [32mInvoking command in '/home/user/ros2_ws/build/run_yolo': PYTHONPATH=/home/user/ros2_ws/build/run_yolo/prefix_override:/home/user/ros2_ws/install/run_yolo/lib/python3.10/site-packages:${PYTHONPATH} _=/usr/bin/env /usr/bin/python3 -W ignore:setup.py install is deprecated setup.py develop --editable --build-directory /home/user/ros2_ws/build/run_yolo/build --no-deps symlink_data[0m
[5.318s] [34mcolcon.colcon_core.event_handler.log_command[0m [1;30mDEBUG[0m [32mInvoking command in '/home/user/ros2_ws/build/odometry': PYTHONPATH=/home/user/ros2_ws/build/odometry/prefix_override:/home/user/ros2_ws/install/odometry/lib/python3.10/site-packages:${PYTHONPATH} _=/usr/bin/env /usr/bin/python3 -W ignore:setup.py install is deprecated setup.py develop --editable --build-directory /home/user/ros2_ws/build/odometry/build --no-deps symlink_data[0m
[5.329s] [34mcolcon.colcon_core.event_handler.log_command[0m [1;30mDEBUG[0m [32mInvoking command in '/home/user/ros2_ws/build/line_follower': PYTHONPATH=/home/user/ros2_ws/build/line_follower/prefix_override:/home/user/ros2_ws/install/line_follower/lib/python3.10/site-packages:${PYTHONPATH} _=/usr/bin/env /usr/bin/python3 -W ignore:setup.py install is deprecated setup.py develop --editable --build-directory /home/user/ros2_ws/build/line_follower/build --no-deps symlink_data[0m
[5.393s] [34mcolcon.colcon_core.event_handler.log_command[0m [1;30mDEBUG[0m [32mInvoking command in '/home/user/ros2_ws/build/controller': PYTHONPATH=/home/user/ros2_ws/build/controller/prefix_override:/home/user/ros2_ws/install/controller/lib/python3.10/site-packages:${PYTHONPATH} _=/usr/bin/env /usr/bin/python3 -W ignore:setup.py install is deprecated setup.py develop --editable --build-directory /home/user/ros2_ws/build/controller/build --no-deps symlink_data[0m
[7.504s] [34mcolcon.colcon_core.shell[0m [1;30mLevel 1[0m create_environment_hook('smart_parking', 'pythonpath_develop')
[7.504s] [34mcolcon.colcon_core.shell[0m [1;30mINFO[0m Creating environment hook '/home/user/ros2_ws/build/smart_parking/share/smart_parking/hook/pythonpath_develop.ps1'
[7.505s] [34mcolcon.colcon_core.shell[0m [1;30mINFO[0m Creating environment descriptor '/home/user/ros2_ws/build/smart_parking/share/smart_parking/hook/pythonpath_develop.dsv'
[7.505s] [34mcolcon.colcon_core.shell[0m [1;30mINFO[0m Creating environment hook '/home/user/ros2_ws/build/smart_parking/share/smart_parking/hook/pythonpath_develop.sh'
[7.507s] [34mcolcon.colcon_core.event_handler.log_command[0m [1;30mDEBUG[0m [32mInvoked command in '/home/user/ros2_ws/build/smart_parking' returned '0': PYTHONPATH=/home/user/ros2_ws/build/smart_parking/prefix_override:/home/user/ros2_ws/install/smart_parking/lib/python3.10/site-packages:${PYTHONPATH} _=/usr/bin/env /usr/bin/python3 -W ignore:setup.py install is deprecated setup.py develop --editable --build-directory /home/user/ros2_ws/build/smart_parking/build --no-deps symlink_data[0m
[7.536s] [34mcolcon.colcon_core.environment[0m [1;30mLevel 1[0m checking '/home/user/ros2_ws/install/smart_parking' for CMake module files
[7.537s] [34mcolcon.colcon_core.environment[0m [1;30mLevel 1[0m checking '/home/user/ros2_ws/install/smart_parking' for CMake config files
[7.539s] [34mcolcon.colcon_core.environment[0m [1;30mLevel 1[0m checking '/home/user/ros2_ws/install/smart_parking/lib'
[7.539s] [34mcolcon.colcon_core.environment[0m [1;30mLevel 1[0m checking '/home/user/ros2_ws/install/smart_parking/bin'
[7.540s] [34mcolcon.colcon_core.environment[0m [1;30mLevel 1[0m checking '/home/user/ros2_ws/install/smart_parking/lib/pkgconfig/smart_parking.pc'
[7.540s] [34mcolcon.colcon_core.environment[0m [1;30mLevel 1[0m checking '/home/user/ros2_ws/install/smart_parking/lib/python3.10/site-packages'
[7.541s] [34mcolcon.colcon_core.shell[0m [1;30mLevel 1[0m create_environment_hook('smart_parking', 'pythonpath')
[7.542s] [34mcolcon.colcon_core.shell[0m [1;30mINFO[0m Creating environment hook '/home/user/ros2_ws/install/smart_parking/share/smart_parking/hook/pythonpath.ps1'
[7.544s] [34mcolcon.colcon_core.shell[0m [1;30mINFO[0m Creating environment descriptor '/home/user/ros2_ws/install/smart_parking/share/smart_parking/hook/pythonpath.dsv'
[7.545s] [34mcolcon.colcon_core.shell[0m [1;30mINFO[0m Creating environment hook '/home/user/ros2_ws/install/smart_parking/share/smart_parking/hook/pythonpath.sh'
[7.546s] [34mcolcon.colcon_core.environment[0m [1;30mLevel 1[0m checking '/home/user/ros2_ws/install/smart_parking/bin'
[7.546s] [34mcolcon.colcon_core.environment[0m [1;30mLevel 1[0m create_environment_scripts_only(smart_parking)
[7.546s] [34mcolcon.colcon_core.shell[0m [1;30mINFO[0m Creating package script '/home/user/ros2_ws/install/smart_parking/share/smart_parking/package.ps1'
[7.597s] [34mcolcon.colcon_core.shell[0m [1;30mINFO[0m Creating package descriptor '/home/user/ros2_ws/install/smart_parking/share/smart_parking/package.dsv'
[7.598s] [34mcolcon.colcon_core.shell[0m [1;30mINFO[0m Creating package script '/home/user/ros2_ws/install/smart_parking/share/smart_parking/package.sh'
[7.599s] [34mcolcon.colcon_core.shell[0m [1;30mINFO[0m Creating package script '/home/user/ros2_ws/install/smart_parking/share/smart_parking/package.bash'
[7.602s] [34mcolcon.colcon_core.shell[0m [1;30mINFO[0m Creating package script '/home/user/ros2_ws/install/smart_parking/share/smart_parking/package.zsh'
[7.605s] [34mcolcon.colcon_core.environment[0m [1;30mLevel 1[0m create_file_with_runtime_dependencies(/home/user/ros2_ws/install/smart_parking/share/colcon-core/packages/smart_parking)
[7.607s] [34mcolcon.colcon_core.shell[0m [1;30mLevel 1[0m create_environment_hook('line_follower', 'pythonpath_develop')
[7.608s] [34mcolcon.colcon_core.shell[0m [1;30mINFO[0m Creating environment hook '/home/user/ros2_ws/build/line_follower/share/line_follower/hook/pythonpath_develop.ps1'
[7.608s] [34mcolcon.colcon_core.event_handler.log_command[0m [1;30mDEBUG[0m [32mInvoked command in '/home/user/ros2_ws/build/line_follower' returned '0': PYTHONPATH=/home/user/ros2_ws/build/line_follower/prefix_override:/home/user/ros2_ws/install/line_follower/lib/python3.10/site-packages:${PYTHONPATH} _=/usr/bin/env /usr/bin/python3 -W ignore:setup.py install is deprecated setup.py develop --editable --build-directory /home/user/ros2_ws/build/line_follower/build --no-deps symlink_data[0m
[7.609s] [34mcolcon.colcon_core.shell[0m [1;30mINFO[0m Creating environment descriptor '/home/user/ros2_ws/build/line_follower/share/line_follower/hook/pythonpath_develop.dsv'
[7.611s] [34mcolcon.colcon_core.shell[0m [1;30mINFO[0m Creating environment hook '/home/user/ros2_ws/build/line_follower/share/line_follower/hook/pythonpath_develop.sh'
[7.612s] [34mcolcon.colcon_core.environment[0m [1;30mLevel 1[0m checking '/home/user/ros2_ws/install/line_follower' for CMake module files
[7.612s] [34mcolcon.colcon_core.environment[0m [1;30mLevel 1[0m checking '/home/user/ros2_ws/install/line_follower' for CMake config files
[7.613s] [34mcolcon.colcon_core.environment[0m [1;30mLevel 1[0m checking '/home/user/ros2_ws/install/line_follower/lib'
[7.613s] [34mcolcon.colcon_core.environment[0m [1;30mLevel 1[0m checking '/home/user/ros2_ws/install/line_follower/bin'
[7.613s] [34mcolcon.colcon_core.environment[0m [1;30mLevel 1[0m checking '/home/user/ros2_ws/install/line_follower/lib/pkgconfig/line_follower.pc'
[7.614s] [34mcolcon.colcon_core.environment[0m [1;30mLevel 1[0m checking '/home/user/ros2_ws/install/line_follower/lib/python3.10/site-packages'
[7.614s] [34mcolcon.colcon_core.shell[0m [1;30mLevel 1[0m create_environment_hook('line_follower', 'pythonpath')
[7.614s] [34mcolcon.colcon_core.shell[0m [1;30mINFO[0m Creating environment hook '/home/user/ros2_ws/install/line_follower/share/line_follower/hook/pythonpath.ps1'
[7.615s] [34mcolcon.colcon_core.shell[0m [1;30mINFO[0m Creating environment descriptor '/home/user/ros2_ws/install/line_follower/share/line_follower/hook/pythonpath.dsv'
[7.615s] [34mcolcon.colcon_core.shell[0m [1;30mINFO[0m Creating environment hook '/home/user/ros2_ws/install/line_follower/share/line_follower/hook/pythonpath.sh'
[7.617s] [34mcolcon.colcon_core.environment[0m [1;30mLevel 1[0m checking '/home/user/ros2_ws/install/line_follower/bin'
[7.617s] [34mcolcon.colcon_core.environment[0m [1;30mLevel 1[0m create_environment_scripts_only(line_follower)
[7.617s] [34mcolcon.colcon_core.shell[0m [1;30mINFO[0m Creating package script '/home/user/ros2_ws/install/line_follower/share/line_follower/package.ps1'
[7.618s] [34mcolcon.colcon_core.shell[0m [1;30mINFO[0m Creating package descriptor '/home/user/ros2_ws/install/line_follower/share/line_follower/package.dsv'
[7.619s] [34mcolcon.colcon_core.shell[0m [1;30mINFO[0m Creating package script '/home/user/ros2_ws/install/line_follower/share/line_follower/package.sh'
[7.620s] [34mcolcon.colcon_core.shell[0m [1;30mINFO[0m Creating package script '/home/user/ros2_ws/install/line_follower/share/line_follower/package.bash'
[7.620s] [34mcolcon.colcon_core.shell[0m [1;30mINFO[0m Creating package script '/home/user/ros2_ws/install/line_follower/share/line_follower/package.zsh'
[7.621s] [34mcolcon.colcon_core.environment[0m [1;30mLevel 1[0m create_file_with_runtime_dependencies(/home/user/ros2_ws/install/line_follower/share/colcon-core/packages/line_follower)
[7.740s] [34mcolcon.colcon_core.shell[0m [1;30mLevel 1[0m create_environment_hook('odometry', 'pythonpath_develop')
[7.741s] [34mcolcon.colcon_core.shell[0m [1;30mINFO[0m Creating environment hook '/home/user/ros2_ws/build/odometry/share/odometry/hook/pythonpath_develop.ps1'
[7.742s] [34mcolcon.colcon_core.shell[0m [1;30mINFO[0m Creating environment descriptor '/home/user/ros2_ws/build/odometry/share/odometry/hook/pythonpath_develop.dsv'
[7.742s] [34mcolcon.colcon_core.event_handler.log_command[0m [1;30mDEBUG[0m [32mInvoked command in '/home/user/ros2_ws/build/odometry' returned '0': PYTHONPATH=/home/user/ros2_ws/build/odometry/prefix_override:/home/user/ros2_ws/install/odometry/lib/python3.10/site-packages:${PYTHONPATH} _=/usr/bin/env /usr/bin/python3 -W ignore:setup.py install is deprecated setup.py develop --editable --build-directory /home/user/ros2_ws/build/odometry/build --no-deps symlink_data[0m
[7.743s] [34mcolcon.colcon_core.shell[0m [1;30mINFO[0m Creating environment hook '/home/user/ros2_ws/build/odometry/share/odometry/hook/pythonpath_develop.sh'
[7.744s] [34mcolcon.colcon_core.environment[0m [1;30mLevel 1[0m checking '/home/user/ros2_ws/install/odometry' for CMake module files
[7.745s] [34mcolcon.colcon_core.environment[0m [1;30mLevel 1[0m checking '/home/user/ros2_ws/install/odometry' for CMake config files
[7.746s] [34mcolcon.colcon_core.environment[0m [1;30mLevel 1[0m checking '/home/user/ros2_ws/install/odometry/lib'
[7.746s] [34mcolcon.colcon_core.environment[0m [1;30mLevel 1[0m checking '/home/user/ros2_ws/install/odometry/bin'
[7.746s] [34mcolcon.colcon_core.environment[0m [1;30mLevel 1[0m checking '/home/user/ros2_ws/install/odometry/lib/pkgconfig/odometry.pc'
[7.746s] [34mcolcon.colcon_core.environment[0m [1;30mLevel 1[0m checking '/home/user/ros2_ws/install/odometry/lib/python3.10/site-packages'
[7.746s] [34mcolcon.colcon_core.shell[0m [1;30mLevel 1[0m create_environment_hook('odometry', 'pythonpath')
[7.747s] [34mcolcon.colcon_core.shell[0m [1;30mINFO[0m Creating environment hook '/home/user/ros2_ws/install/odometry/share/odometry/hook/pythonpath.ps1'
[7.747s] [34mcolcon.colcon_core.shell[0m [1;30mINFO[0m Creating environment descriptor '/home/user/ros2_ws/install/odometry/share/odometry/hook/pythonpath.dsv'
[7.748s] [34mcolcon.colcon_core.shell[0m [1;30mINFO[0m Creating environment hook '/home/user/ros2_ws/install/odometry/share/odometry/hook/pythonpath.sh'
[7.748s] [34mcolcon.colcon_core.environment[0m [1;30mLevel 1[0m checking '/home/user/ros2_ws/install/odometry/bin'
[7.749s] [34mcolcon.colcon_core.environment[0m [1;30mLevel 1[0m create_environment_scripts_only(odometry)
[7.749s] [34mcolcon.colcon_core.shell[0m [1;30mINFO[0m Creating package script '/home/user/ros2_ws/install/odometry/share/odometry/package.ps1'
[7.750s] [34mcolcon.colcon_core.shell[0m [1;30mINFO[0m Creating package descriptor '/home/user/ros2_ws/install/odometry/share/odometry/package.dsv'
[7.751s] [34mcolcon.colcon_core.shell[0m [1;30mINFO[0m Creating package script '/home/user/ros2_ws/install/odometry/share/odometry/package.sh'
[7.751s] [34mcolcon.colcon_core.shell[0m [1;30mINFO[0m Creating package script '/home/user/ros2_ws/install/odometry/share/odometry/package.bash'
[7.752s] [34mcolcon.colcon_core.shell[0m [1;30mINFO[0m Creating package script '/home/user/ros2_ws/install/odometry/share/odometry/package.zsh'
[7.752s] [34mcolcon.colcon_core.environment[0m [1;30mLevel 1[0m create_file_with_runtime_dependencies(/home/user/ros2_ws/install/odometry/share/colcon-core/packages/odometry)
[7.758s] [34mcolcon.colcon_core.shell[0m [1;30mLevel 1[0m create_environment_hook('run_yolo', 'pythonpath_develop')
[7.758s] [34mcolcon.colcon_core.shell[0m [1;30mINFO[0m Creating environment hook '/home/user/ros2_ws/build/run_yolo/share/run_yolo/hook/pythonpath_develop.ps1'
[7.759s] [34mcolcon.colcon_core.event_handler.log_command[0m [1;30mDEBUG[0m [32mInvoked command in '/home/user/ros2_ws/build/run_yolo' returned '0': PYTHONPATH=/home/user/ros2_ws/build/run_yolo/prefix_override:/home/user/ros2_ws/install/run_yolo/lib/python3.10/site-packages:${PYTHONPATH} _=/usr/bin/env /usr/bin/python3 -W ignore:setup.py install is deprecated setup.py develop --editable --build-directory /home/user/ros2_ws/build/run_yolo/build --no-deps symlink_data[0m
[7.760s] [34mcolcon.colcon_core.shell[0m [1;30mINFO[0m Creating environment descriptor '/home/user/ros2_ws/build/run_yolo/share/run_yolo/hook/pythonpath_develop.dsv'
[7.760s] [34mcolcon.colcon_core.shell[0m [1;30mINFO[0m Creating environment hook '/home/user/ros2_ws/build/run_yolo/share/run_yolo/hook/pythonpath_develop.sh'
[7.761s] [34mcolcon.colcon_core.environment[0m [1;30mLevel 1[0m checking '/home/user/ros2_ws/install/run_yolo' for CMake module files
[7.761s] [34mcolcon.colcon_core.environment[0m [1;30mLevel 1[0m checking '/home/user/ros2_ws/install/run_yolo' for CMake config files
[7.762s] [34mcolcon.colcon_core.environment[0m [1;30mLevel 1[0m checking '/home/user/ros2_ws/install/run_yolo/lib'
[7.762s] [34mcolcon.colcon_core.environment[0m [1;30mLevel 1[0m checking '/home/user/ros2_ws/install/run_yolo/bin'
[7.762s] [34mcolcon.colcon_core.environment[0m [1;30mLevel 1[0m checking '/home/user/ros2_ws/install/run_yolo/lib/pkgconfig/run_yolo.pc'
[7.763s] [34mcolcon.colcon_core.environment[0m [1;30mLevel 1[0m checking '/home/user/ros2_ws/install/run_yolo/lib/python3.10/site-packages'
[7.763s] [34mcolcon.colcon_core.shell[0m [1;30mLevel 1[0m create_environment_hook('run_yolo', 'pythonpath')
[7.763s] [34mcolcon.colcon_core.shell[0m [1;30mINFO[0m Creating environment hook '/home/user/ros2_ws/install/run_yolo/share/run_yolo/hook/pythonpath.ps1'
[7.764s] [34mcolcon.colcon_core.shell[0m [1;30mINFO[0m Creating environment descriptor '/home/user/ros2_ws/install/run_yolo/share/run_yolo/hook/pythonpath.dsv'
[7.764s] [34mcolcon.colcon_core.shell[0m [1;30mINFO[0m Creating environment hook '/home/user/ros2_ws/install/run_yolo/share/run_yolo/hook/pythonpath.sh'
[7.764s] [34mcolcon.colcon_core.environment[0m [1;30mLevel 1[0m checking '/home/user/ros2_ws/install/run_yolo/bin'
[7.764s] [34mcolcon.colcon_core.environment[0m [1;30mLevel 1[0m create_environment_scripts_only(run_yolo)
[7.765s] [34mcolcon.colcon_core.shell[0m [1;30mINFO[0m Creating package script '/home/user/ros2_ws/install/run_yolo/share/run_yolo/package.ps1'
[7.766s] [34mcolcon.colcon_core.shell[0m [1;30mINFO[0m Creating package descriptor '/home/user/ros2_ws/install/run_yolo/share/run_yolo/package.dsv'
[7.767s] [34mcolcon.colcon_core.shell[0m [1;30mINFO[0m Creating package script '/home/user/ros2_ws/install/run_yolo/share/run_yolo/package.sh'
[7.767s] [34mcolcon.colcon_core.shell[0m [1;30mINFO[0m Creating package script '/home/user/ros2_ws/install/run_yolo/share/run_yolo/package.bash'
[7.768s] [34mcolcon.colcon_core.shell[0m [1;30mINFO[0m Creating package script '/home/user/ros2_ws/install/run_yolo/share/run_yolo/package.zsh'
[7.768s] [34mcolcon.colcon_core.environment[0m [1;30mLevel 1[0m create_file_with_runtime_dependencies(/home/user/ros2_ws/install/run_yolo/share/colcon-core/packages/run_yolo)
[7.795s] [34mcolcon.colcon_core.shell[0m [1;30mLevel 1[0m create_environment_hook('controller', 'pythonpath_develop')
[7.796s] [34mcolcon.colcon_core.shell[0m [1;30mINFO[0m Creating environment hook '/home/user/ros2_ws/build/controller/share/controller/hook/pythonpath_develop.ps1'
[7.796s] [34mcolcon.colcon_core.event_handler.log_command[0m [1;30mDEBUG[0m [32mInvoked command in '/home/user/ros2_ws/build/controller' returned '0': PYTHONPATH=/home/user/ros2_ws/build/controller/prefix_override:/home/user/ros2_ws/install/controller/lib/python3.10/site-packages:${PYTHONPATH} _=/usr/bin/env /usr/bin/python3 -W ignore:setup.py install is deprecated setup.py develop --editable --build-directory /home/user/ros2_ws/build/controller/build --no-deps symlink_data[0m
[7.797s] [34mcolcon.colcon_core.shell[0m [1;30mINFO[0m Creating environment descriptor '/home/user/ros2_ws/build/controller/share/controller/hook/pythonpath_develop.dsv'
[7.798s] [34mcolcon.colcon_core.shell[0m [1;30mINFO[0m Creating environment hook '/home/user/ros2_ws/build/controller/share/controller/hook/pythonpath_develop.sh'
[7.798s] [34mcolcon.colcon_core.environment[0m [1;30mLevel 1[0m checking '/home/user/ros2_ws/install/controller' for CMake module files
[7.799s] [34mcolcon.colcon_core.environment[0m [1;30mLevel 1[0m checking '/home/user/ros2_ws/install/controller' for CMake config files
[7.800s] [34mcolcon.colcon_core.environment[0m [1;30mLevel 1[0m checking '/home/user/ros2_ws/install/controller/lib'
[7.800s] [34mcolcon.colcon_core.environment[0m [1;30mLevel 1[0m checking '/home/user/ros2_ws/install/controller/bin'
[7.800s] [34mcolcon.colcon_core.environment[0m [1;30mLevel 1[0m checking '/home/user/ros2_ws/install/controller/lib/pkgconfig/controller.pc'
[7.800s] [34mcolcon.colcon_core.environment[0m [1;30mLevel 1[0m checking '/home/user/ros2_ws/install/controller/lib/python3.10/site-packages'
[7.800s] [34mcolcon.colcon_core.shell[0m [1;30mLevel 1[0m create_environment_hook('controller', 'pythonpath')
[7.801s] [34mcolcon.colcon_core.shell[0m [1;30mINFO[0m Creating environment hook '/home/user/ros2_ws/install/controller/share/controller/hook/pythonpath.ps1'
[7.801s] [34mcolcon.colcon_core.shell[0m [1;30mINFO[0m Creating environment descriptor '/home/user/ros2_ws/install/controller/share/controller/hook/pythonpath.dsv'
[7.801s] [34mcolcon.colcon_core.shell[0m [1;30mINFO[0m Creating environment hook '/home/user/ros2_ws/install/controller/share/controller/hook/pythonpath.sh'
[7.802s] [34mcolcon.colcon_core.environment[0m [1;30mLevel 1[0m checking '/home/user/ros2_ws/install/controller/bin'
[7.802s] [34mcolcon.colcon_core.environment[0m [1;30mLevel 1[0m create_environment_scripts_only(controller)
[7.803s] [34mcolcon.colcon_core.shell[0m [1;30mINFO[0m Creating package script '/home/user/ros2_ws/install/controller/share/controller/package.ps1'
[7.803s] [34mcolcon.colcon_core.shell[0m [1;30mINFO[0m Creating package descriptor '/home/user/ros2_ws/install/controller/share/controller/package.dsv'
[7.804s] [34mcolcon.colcon_core.shell[0m [1;30mINFO[0m Creating package script '/home/user/ros2_ws/install/controller/share/controller/package.sh'
[7.804s] [34mcolcon.colcon_core.shell[0m [1;30mINFO[0m Creating package script '/home/user/ros2_ws/install/controller/share/controller/package.bash'
[7.805s] [34mcolcon.colcon_core.shell[0m [1;30mINFO[0m Creating package script '/home/user/ros2_ws/install/controller/share/controller/package.zsh'
[7.805s] [34mcolcon.colcon_core.environment[0m [1;30mLevel 1[0m create_file_with_runtime_dependencies(/home/user/ros2_ws/install/controller/share/colcon-core/packages/controller)
[7.806s] [34mcolcon.colcon_parallel_executor.executor.parallel[0m [1;30mDEBUG[0m [32mclosing loop[0m
[7.806s] [34mcolcon.colcon_parallel_executor.executor.parallel[0m [1;30mDEBUG[0m [32mloop closed[0m
[7.806s] [34mcolcon.colcon_parallel_executor.executor.parallel[0m [1;30mDEBUG[0m [32mrun_until_complete finished with '0'[0m
[7.807s] [34mcolcon.colcon_core.event_reactor[0m [1;30mDEBUG[0m [32mjoining thread[0m
[7.821s] [34mcolcon.colcon_core.plugin_system[0m [1;30mINFO[0m Skipping extension 'colcon_notification.desktop_notification.notify_send': Could not find 'notify-send'
[7.821s] [34mcolcon.colcon_core.plugin_system[0m [1;30mINFO[0m Skipping extension 'colcon_notification.desktop_notification.terminal_notifier': Not used on non-Darwin systems
[7.821s] [34mcolcon.colcon_core.plugin_system[0m [1;30mINFO[0m Skipping extension 'colcon_notification.desktop_notification.win32': Not used on non-Windows systems
[7.822s] [34mcolcon.colcon_notification.desktop_notification[0m [1;30mINFO[0m Sending desktop notification using 'notify2'
[7.824s] [34mcolcon.colcon_notification.desktop_notification.notify2[0m [1;30mDEBUG[0m [32mFailed to initialize notify2: org.freedesktop.DBus.Error.Spawn.ExecFailed: /usr/bin/dbus-launch terminated abnormally without any error message[0m
[7.825s] [34mcolcon.colcon_core.event_reactor[0m [1;30mDEBUG[0m [32mjoined thread[0m
[7.825s] [34mcolcon.colcon_core.shell[0m [1;30mINFO[0m Creating prefix script '/home/user/ros2_ws/install/local_setup.ps1'
[7.828s] [34mcolcon.colcon_core.shell[0m [1;30mINFO[0m Creating prefix util module '/home/user/ros2_ws/install/_local_setup_util_ps1.py'
[7.830s] [34mcolcon.colcon_core.shell[0m [1;30mINFO[0m Creating prefix chain script '/home/user/ros2_ws/install/setup.ps1'
[7.835s] [34mcolcon.colcon_core.shell[0m [1;30mINFO[0m Creating prefix script '/home/user/ros2_ws/install/local_setup.sh'
[7.837s] [34mcolcon.colcon_core.shell[0m [1;30mINFO[0m Creating prefix util module '/home/user/ros2_ws/install/_local_setup_util_sh.py'
[7.837s] [34mcolcon.colcon_core.shell[0m [1;30mINFO[0m Creating prefix chain script '/home/user/ros2_ws/install/setup.sh'
[7.841s] [34mcolcon.colcon_core.shell[0m [1;30mINFO[0m Creating prefix script '/home/user/ros2_ws/install/local_setup.bash'
[7.842s] [34mcolcon.colcon_core.shell[0m [1;30mINFO[0m Creating prefix chain script '/home/user/ros2_ws/install/setup.bash'
[7.848s] [34mcolcon.colcon_core.shell[0m [1;30mINFO[0m Creating prefix script '/home/user/ros2_ws/install/local_setup.zsh'
[7.849s] [34mcolcon.colcon_core.shell[0m [1;30mINFO[0m Creating prefix chain script '/home/user/ros2_ws/install/setup.zsh'
