running develop
running egg_info
creating controller.egg-info
writing controller.egg-info/PKG-INFO
writing dependency_links to controller.egg-info/dependency_links.txt
writing entry points to controller.egg-info/entry_points.txt
writing requirements to controller.egg-info/requires.txt
writing top-level names to controller.egg-info/top_level.txt
writing manifest file 'controller.egg-info/SOURCES.txt'
reading manifest file 'controller.egg-info/SOURCES.txt'
writing manifest file 'controller.egg-info/SOURCES.txt'
running build_ext
Creating /home/user/ros2_ws/install/controller/lib/python3.10/site-packages/controller.egg-link (link to .)
Installing pid_node script to /home/user/ros2_ws/install/controller/lib/controller

Installed /home/user/ros2_ws/build/controller
running symlink_data
creating /home/user/ros2_ws/install/controller/share/ament_index
creating /home/user/ros2_ws/install/controller/share/ament_index/resource_index
creating /home/user/ros2_ws/install/controller/share/ament_index/resource_index/packages
symbolically linking /home/user/ros2_ws/build/controller/resource/controller -> /home/user/ros2_ws/install/controller/share/ament_index/resource_index/packages
symbolically linking /home/user/ros2_ws/build/controller/package.xml -> /home/user/ros2_ws/install/controller/share/controller
creating /home/user/ros2_ws/install/controller/share/controller/launch
symbolically linking /home/user/ros2_ws/build/controller/launch/pid_control_launch.py -> /home/user/ros2_ws/install/controller/share/controller/launch
creating /home/user/ros2_ws/install/controller/share/controller/config
symbolically linking /home/user/ros2_ws/build/controller/config/pid_gains.yaml -> /home/user/ros2_ws/install/controller/share/controller/config
