[2.726s] Invoking command in '/home/user/ros2_ws/build/line_follower': PYTHONPATH=/home/user/ros2_ws/build/line_follower/prefix_override:/home/user/ros2_ws/install/line_follower/lib/python3.10/site-packages:${PYTHONPATH} _=/usr/bin/env /usr/bin/python3 -W ignore:setup.py install is deprecated setup.py develop --editable --build-directory /home/user/ros2_ws/build/line_follower/build --no-deps symlink_data
[3.638s] running develop
[4.221s] running egg_info
[4.221s] creating line_follower.egg-info
[4.222s] writing line_follower.egg-info/PKG-INFO
[4.222s] writing dependency_links to line_follower.egg-info/dependency_links.txt
[4.222s] writing entry points to line_follower.egg-info/entry_points.txt
[4.222s] writing requirements to line_follower.egg-info/requires.txt
[4.222s] writing top-level names to line_follower.egg-info/top_level.txt
[4.223s] writing manifest file 'line_follower.egg-info/SOURCES.txt'
[4.225s] reading manifest file 'line_follower.egg-info/SOURCES.txt'
[4.226s] writing manifest file 'line_follower.egg-info/SOURCES.txt'
[4.228s] running build_ext
[4.228s] Creating /home/user/ros2_ws/install/line_follower/lib/python3.10/site-packages/line-follower.egg-link (link to .)
[4.230s] Installing line_tracker script to /home/user/ros2_ws/install/line_follower/lib/line_follower
[4.230s] 
[4.230s] Installed /home/user/ros2_ws/build/line_follower
[4.231s] running symlink_data
[4.231s] creating /home/user/ros2_ws/install/line_follower/share/ament_index
[4.231s] creating /home/user/ros2_ws/install/line_follower/share/ament_index/resource_index
[4.231s] creating /home/user/ros2_ws/install/line_follower/share/ament_index/resource_index/packages
[4.231s] symbolically linking /home/user/ros2_ws/build/line_follower/resource/line_follower -> /home/user/ros2_ws/install/line_follower/share/ament_index/resource_index/packages
[4.232s] symbolically linking /home/user/ros2_ws/build/line_follower/package.xml -> /home/user/ros2_ws/install/line_follower/share/line_follower
[4.232s] creating /home/user/ros2_ws/install/line_follower/share/line_follower/launch
[4.232s] symbolically linking /home/user/ros2_ws/build/line_follower/launch/line_follower_launch.py -> /home/user/ros2_ws/install/line_follower/share/line_follower/launch
[4.232s] symbolically linking /home/user/ros2_ws/build/line_follower/launch/line_tracker_launch.py -> /home/user/ros2_ws/install/line_follower/share/line_follower/launch
[4.233s] creating /home/user/ros2_ws/install/line_follower/share/line_follower/config
[4.233s] symbolically linking /home/user/ros2_ws/build/line_follower/config/transform_config_640x360.yaml -> /home/user/ros2_ws/install/line_follower/share/line_follower/config
[4.233s] symbolically linking /home/user/ros2_ws/build/line_follower/config/transform_config_640x140.yaml -> /home/user/ros2_ws/install/line_follower/share/line_follower/config
[4.233s] symbolically linking /home/user/ros2_ws/build/line_follower/config/config_lane_640x360.yaml -> /home/user/ros2_ws/install/line_follower/share/line_follower/config
[4.268s] Invoked command in '/home/user/ros2_ws/build/line_follower' returned '0': PYTHONPATH=/home/user/ros2_ws/build/line_follower/prefix_override:/home/user/ros2_ws/install/line_follower/lib/python3.10/site-packages:${PYTHONPATH} _=/usr/bin/env /usr/bin/python3 -W ignore:setup.py install is deprecated setup.py develop --editable --build-directory /home/user/ros2_ws/build/line_follower/build --no-deps symlink_data
